2023-10-08 14:12:25,212 [INFO] Activator:176 - 


2023-10-08 14:12:25,223 [INFO] Activator:177 - !SESSION log4j initialized
2023-10-08 14:12:29,197 [INFO] LogOutputStream:77 - [STDOUT_REDIRECT] 
2023-10-08 14:12:32,810 [INFO] ApplicationProperties:184 - Using Application install path: /opt/st/stm32cubeide_1.13.1/plugins/com.st.stm32cube.common.mx_6.9.1.202307191849
2023-10-08 14:12:32,850 [INFO] DbMcusXml:78 - Set database path to: /opt/st/stm32cubeide_1.13.1/plugins/com.st.stm32cube.common.mx_6.9.1.202307191849//db//mcu/
2023-10-08 14:12:32,851 [INFO] ApiDb:274 - Set plugin database path to: /opt/st/stm32cubeide_1.13.1/plugins/com.st.stm32cube.common.mx_6.9.1.202307191849//db//plugins/boardmanager/
2023-10-08 14:12:32,853 [WARN] ApiDb:259 - Overriding images path with different value:  => /opt/st/stm32cubeide_1.13.1/plugins/com.st.stm32cube.common.mx_6.9.1.202307191849//db//plugins/mcufinder/images/
2023-10-08 14:12:32,876 [INFO] ApiDb:250 - Set database path to: /home/sumit/.stmcufinder/plugins/mcufinder//mcu/
2023-10-08 14:12:32,879 [INFO] DbMcusAds:125 - Set database path to: /home/sumit/.stmcufinder/plugins/mcufinder//mcu/
2023-10-08 14:12:32,885 [INFO] CrossReferenceDbSqlite:203 - Set database path to: /home/sumit/.stmcufinder/plugins/mcufinder//mcu/cs/
2023-10-08 14:12:33,119 [INFO] RulesReader:64 - Compatibility file has been processed (293 Rules)
2023-10-08 14:12:33,274 [INFO] DbMcusXml:78 - Set database path to: /opt/st/stm32cubeide_1.13.1/plugins/com.st.stm32cube.common.mx_6.9.1.202307191849//db//mcu/
2023-10-08 14:12:33,275 [INFO] ApiDb:274 - Set plugin database path to: /opt/st/stm32cubeide_1.13.1/plugins/com.st.stm32cube.common.mx_6.9.1.202307191849//db//plugins/boardmanager/
2023-10-08 14:12:33,275 [INFO] ApiDb:261 - Set plugin images path to: /opt/st/stm32cubeide_1.13.1/plugins/com.st.stm32cube.common.mx_6.9.1.202307191849//db//plugins/mcufinder/images/
2023-10-08 14:12:33,277 [WARN] DbFile:41 - Overriding database path with different value: /home/sumit/.stmcufinder/plugins/mcufinder/ => /home/sumit/.stmcufinder/plugins/mcufinder
2023-10-08 14:12:33,277 [INFO] ApiDb:250 - Set database path to: /home/sumit/.stmcufinder/plugins/mcufinder//mcu/
2023-10-08 14:12:33,278 [WARN] DbFile:41 - Overriding database path with different value: /home/sumit/.stmcufinder/plugins/mcufinder/ => /home/sumit/.stmcufinder/plugins/mcufinder
2023-10-08 14:12:33,278 [INFO] DbMcusAds:125 - Set database path to: /home/sumit/.stmcufinder/plugins/mcufinder//mcu/
2023-10-08 14:12:33,278 [WARN] DbFile:41 - Overriding database path with different value: /home/sumit/.stmcufinder/plugins/mcufinder/ => /home/sumit/.stmcufinder/plugins/mcufinder
2023-10-08 14:12:33,279 [WARN] DbFile:41 - Overriding database path with different value: /home/sumit/.stmcufinder/plugins/mcufinder/ => /home/sumit/.stmcufinder/plugins/mcufinder
2023-10-08 14:12:33,279 [INFO] CrossReferenceDbSqlite:203 - Set database path to: /home/sumit/.stmcufinder/plugins/mcufinder//mcu/cs/
2023-10-08 14:12:33,423 [INFO] MainPanel:262 - HeapMemory: 268435456
2023-10-08 14:12:33,646 [INFO] DbMcusXml:78 - Set database path to: /opt/st/stm32cubeide_1.13.1/plugins/com.st.stm32cube.common.mx_6.9.1.202307191849//db//mcu/
2023-10-08 14:12:33,646 [INFO] ApiDb:274 - Set plugin database path to: /opt/st/stm32cubeide_1.13.1/plugins/com.st.stm32cube.common.mx_6.9.1.202307191849//db//plugins/boardmanager/
2023-10-08 14:12:33,646 [INFO] ApiDb:261 - Set plugin images path to: /opt/st/stm32cubeide_1.13.1/plugins/com.st.stm32cube.common.mx_6.9.1.202307191849//db//plugins/mcufinder/images/
2023-10-08 14:12:33,647 [WARN] DbFile:41 - Overriding database path with different value: /home/sumit/.stmcufinder/plugins/mcufinder/ => /home/sumit/.stmcufinder/plugins/mcufinder
2023-10-08 14:12:33,648 [INFO] ApiDb:250 - Set database path to: /home/sumit/.stmcufinder/plugins/mcufinder//mcu/
2023-10-08 14:12:33,648 [WARN] DbFile:41 - Overriding database path with different value: /home/sumit/.stmcufinder/plugins/mcufinder/ => /home/sumit/.stmcufinder/plugins/mcufinder
2023-10-08 14:12:33,648 [INFO] DbMcusAds:125 - Set database path to: /home/sumit/.stmcufinder/plugins/mcufinder//mcu/
2023-10-08 14:12:33,649 [WARN] DbFile:41 - Overriding database path with different value: /home/sumit/.stmcufinder/plugins/mcufinder/ => /home/sumit/.stmcufinder/plugins/mcufinder
2023-10-08 14:12:33,649 [WARN] DbFile:41 - Overriding database path with different value: /home/sumit/.stmcufinder/plugins/mcufinder/ => /home/sumit/.stmcufinder/plugins/mcufinder
2023-10-08 14:12:33,649 [INFO] CrossReferenceDbSqlite:203 - Set database path to: /home/sumit/.stmcufinder/plugins/mcufinder//mcu/cs/
2023-10-08 14:12:33,690 [INFO] ApplicationProperties:184 - Using Application install path: /opt/st/stm32cubeide_1.13.1/plugins/com.st.stm32cube.common.mx_6.9.1.202307191849
2023-10-08 14:12:33,695 [INFO] PluginManage:196 - Search for loadable plugins [exclusion list=, ]
2023-10-08 14:12:33,698 [INFO] PluginManage:310 - Check plugin analytics
2023-10-08 14:12:34,048 [INFO] AnalyticsPlugin:253 - Accepted Software Licenses: 
2023-10-08 14:12:34,048 [INFO] AnalyticsPlugin:255 - Accepted CMSIS Pack Licenses: 
2023-10-08 14:12:34,049 [INFO] AnalyticsPlugin:257 - Accepted Firmware Licenses: 
2023-10-08 14:12:34,057 [INFO] PluginManage:359 - Loaded plugin analytics (category:tool,tabindex:-1)
2023-10-08 14:12:34,058 [INFO] PluginManage:310 - Check plugin cadmodel
2023-10-08 14:12:34,133 [INFO] CADModel:105 - Init CAD model plugin
2023-10-08 14:12:34,134 [INFO] PluginManage:359 - Loaded plugin cadmodel (category:power,tabindex:5)
2023-10-08 14:12:34,135 [INFO] PluginManage:310 - Check plugin clock
2023-10-08 14:12:34,158 [INFO] PluginManage:359 - Loaded plugin clock (category:base,tabindex:2)
2023-10-08 14:12:34,159 [INFO] PluginManage:310 - Check plugin ddr
2023-10-08 14:12:34,163 [INFO] PluginManage:359 - Loaded plugin ddr (category:tool,tabindex:6)
2023-10-08 14:12:34,164 [INFO] PluginManage:310 - Check plugin filemanager
2023-10-08 14:12:34,412 [INFO] PluginManage:359 - Loaded plugin filemanager (category:base,tabindex:10)
2023-10-08 14:12:34,413 [INFO] PluginManage:310 - Check plugin ipmanager
2023-10-08 14:12:34,427 [INFO] PluginManage:359 - Loaded plugin ipmanager (category:base,tabindex:5)
2023-10-08 14:12:34,428 [INFO] PluginManage:310 - Check plugin lpbam
2023-10-08 14:12:34,447 [INFO] PluginManage:359 - Loaded plugin lpbam (category:base,tabindex:0)
2023-10-08 14:12:34,447 [INFO] PluginManage:310 - Check plugin memorymap
2023-10-08 14:12:34,470 [INFO] PluginManage:359 - Loaded plugin memorymap (category:base,tabindex:4)
2023-10-08 14:12:34,471 [INFO] PluginManage:310 - Check plugin pinoutandconfiguration
2023-10-08 14:12:34,487 [INFO] PluginManage:359 - Loaded plugin pinoutandconfiguration (category:base,tabindex:1)
2023-10-08 14:12:34,488 [INFO] PluginManage:310 - Check plugin pinoutconfig
2023-10-08 14:12:34,666 [WARN] SupportedApi:132 - Cannot load RTOS API schema: s4s-elt-must-match.1: The content of 'definitions' must match (annotation?, (simpleType | complexType)?, (unique | key | keyref)*)). A problem was found starting at: attribute.
2023-10-08 14:12:34,914 [INFO] PluginManage:359 - Loaded plugin pinoutconfig (category:base,tabindex:0)
2023-10-08 14:12:34,915 [INFO] PluginManage:310 - Check plugin power
2023-10-08 14:12:34,931 [INFO] PluginManage:359 - Loaded plugin power (category:power,tabindex:4)
2023-10-08 14:12:34,932 [INFO] PluginManage:310 - Check plugin projectmanager
2023-10-08 14:12:34,965 [INFO] PluginManage:359 - Loaded plugin projectmanager (category:projectmanager,tabindex:3)
2023-10-08 14:12:34,965 [INFO] PluginManage:310 - Check plugin thirdparty
2023-10-08 14:12:35,202 [WARN] IntegrityCheckThread:84 - waiting for thirdparty lock release [integrity check]
2023-10-08 14:12:35,203 [INFO] PluginManage:359 - Loaded plugin thirdparty (category:base,tabindex:-1)
2023-10-08 14:12:35,203 [INFO] IntegrityCheckThread:86 - entering critical section [integrity check]
2023-10-08 14:12:35,203 [INFO] PluginManage:310 - Check plugin tools
2023-10-08 14:12:35,204 [INFO] ThirdPartyUpdaterWithRetryManager:70 - Updater plugin not ready yet. [1/15]
2023-10-08 14:12:35,208 [INFO] PluginManage:359 - Loaded plugin tools (category:base,tabindex:7)
2023-10-08 14:12:35,209 [INFO] PluginManage:310 - Check plugin tutovideos
2023-10-08 14:12:35,494 [INFO] PluginManage:359 - Loaded plugin tutovideos (category:base,tabindex:-1)
2023-10-08 14:12:35,495 [INFO] PluginManage:310 - Check plugin updater
2023-10-08 14:12:35,513 [INFO] PluginManage:359 - Loaded plugin updater (category:base,tabindex:12)
2023-10-08 14:12:35,513 [INFO] PluginManage:310 - Check plugin userauth
2023-10-08 14:12:35,523 [INFO] UserAuth:113 - Init User Auth plugin
2023-10-08 14:12:35,523 [INFO] PluginManage:359 - Loaded plugin userauth (category:base,tabindex:14)
2023-10-08 14:12:35,524 [INFO] PluginManage:283 - PluginManage : Loaded plugins [17]
2023-10-08 14:12:35,896 [INFO] PinOutPanel:1499 - setPackage(No Configuration,No Configuration)
2023-10-08 14:12:36,093 [INFO] CADModel:165 - CPN selected for project level
2023-10-08 14:12:36,094 [INFO] CADModel:114 - Register for checkConnection events
2023-10-08 14:12:36,115 [INFO] IPUIPlugin:80 - create IPUIPlugin
2023-10-08 14:12:36,116 [INFO] PluginManager:220 - loadIPPluginJar : add nvic
2023-10-08 14:12:36,139 [INFO] IPUIPlugin:80 - create IPUIPlugin
2023-10-08 14:12:36,139 [INFO] PluginManager:220 - loadIPPluginJar : add stm32_wpan
2023-10-08 14:12:36,147 [INFO] IPUIPlugin:80 - create IPUIPlugin
2023-10-08 14:12:36,147 [INFO] PluginManager:220 - loadIPPluginJar : add i2c
2023-10-08 14:12:36,152 [INFO] IPUIPlugin:80 - create IPUIPlugin
2023-10-08 14:12:36,153 [INFO] PluginManager:220 - loadIPPluginJar : add hash
2023-10-08 14:12:36,157 [INFO] IPUIPlugin:80 - create IPUIPlugin
2023-10-08 14:12:36,158 [INFO] PluginManager:220 - loadIPPluginJar : add tsc
2023-10-08 14:12:36,164 [INFO] IPUIPlugin:80 - create IPUIPlugin
2023-10-08 14:12:36,164 [INFO] PluginManager:220 - loadIPPluginJar : add can
2023-10-08 14:12:36,170 [INFO] IPUIPlugin:80 - create IPUIPlugin
2023-10-08 14:12:36,170 [INFO] PluginManager:220 - loadIPPluginJar : add pdm2pcm
2023-10-08 14:12:36,182 [INFO] IPUIPlugin:80 - create IPUIPlugin
2023-10-08 14:12:36,183 [INFO] PluginManager:220 - loadIPPluginJar : add dma
2023-10-08 14:12:36,188 [INFO] IPUIPlugin:80 - create IPUIPlugin
2023-10-08 14:12:36,188 [INFO] PluginManager:220 - loadIPPluginJar : add sai
2023-10-08 14:12:36,194 [INFO] IPUIPlugin:80 - create IPUIPlugin
2023-10-08 14:12:36,194 [INFO] PluginManager:220 - loadIPPluginJar : add spi
2023-10-08 14:12:36,199 [INFO] IPUIPlugin:80 - create IPUIPlugin
2023-10-08 14:12:36,199 [INFO] PluginManager:220 - loadIPPluginJar : add usart
2023-10-08 14:12:36,208 [INFO] IPUIPlugin:80 - create IPUIPlugin
2023-10-08 14:12:36,209 [INFO] PluginManager:220 - loadIPPluginJar : add fmc
2023-10-08 14:12:36,217 [INFO] IPUIPlugin:80 - create IPUIPlugin
2023-10-08 14:12:36,217 [INFO] PluginManager:220 - loadIPPluginJar : add resmgrutility
2023-10-08 14:12:36,219 [INFO] IPUIPlugin:80 - create IPUIPlugin
2023-10-08 14:12:36,220 [INFO] PluginManager:220 - loadIPPluginJar : add quadspi
2023-10-08 14:12:36,223 [INFO] IPUIPlugin:80 - create IPUIPlugin
2023-10-08 14:12:36,224 [INFO] PluginManager:220 - loadIPPluginJar : add comp
2023-10-08 14:12:36,230 [INFO] IPUIPlugin:80 - create IPUIPlugin
2023-10-08 14:12:36,230 [INFO] PluginManager:220 - loadIPPluginJar : add gfxmmu
2023-10-08 14:12:36,234 [INFO] IPUIPlugin:80 - create IPUIPlugin
2023-10-08 14:12:36,235 [INFO] PluginManager:220 - loadIPPluginJar : add dma3
2023-10-08 14:12:36,245 [INFO] IPUIPlugin:80 - create IPUIPlugin
2023-10-08 14:12:36,245 [INFO] PluginManager:220 - loadIPPluginJar : add freertos
2023-10-08 14:12:36,247 [INFO] IPUIPlugin:80 - create IPUIPlugin
2023-10-08 14:12:36,248 [INFO] PluginManager:220 - loadIPPluginJar : add ltdc
2023-10-08 14:12:36,252 [INFO] IPUIPlugin:80 - create IPUIPlugin
2023-10-08 14:12:36,252 [INFO] PluginManager:220 - loadIPPluginJar : add dfsdm
2023-10-08 14:12:36,255 [INFO] IPUIPlugin:80 - create IPUIPlugin
2023-10-08 14:12:36,255 [INFO] PluginManager:220 - loadIPPluginJar : add genericplugin
2023-10-08 14:12:36,263 [INFO] IPUIPlugin:80 - create IPUIPlugin
2023-10-08 14:12:36,264 [INFO] PluginManager:220 - loadIPPluginJar : add openamp
2023-10-08 14:12:36,269 [INFO] IPUIPlugin:80 - create IPUIPlugin
2023-10-08 14:12:36,270 [INFO] PluginManager:220 - loadIPPluginJar : add cryp
2023-10-08 14:12:36,276 [INFO] IPUIPlugin:80 - create IPUIPlugin
2023-10-08 14:12:36,277 [INFO] PluginManager:220 - loadIPPluginJar : add gtzc
2023-10-08 14:12:36,287 [INFO] IPUIPlugin:80 - create IPUIPlugin
2023-10-08 14:12:36,288 [INFO] PluginManager:220 - loadIPPluginJar : add adc
2023-10-08 14:12:36,295 [INFO] IPUIPlugin:80 - create IPUIPlugin
2023-10-08 14:12:36,295 [INFO] PluginManager:220 - loadIPPluginJar : add touchsensing
2023-10-08 14:12:36,301 [INFO] IPUIPlugin:80 - create IPUIPlugin
2023-10-08 14:12:36,301 [INFO] PluginManager:220 - loadIPPluginJar : add usbx
2023-10-08 14:12:36,307 [INFO] IPUIPlugin:80 - create IPUIPlugin
2023-10-08 14:12:36,307 [INFO] PluginManager:220 - loadIPPluginJar : add ipddr
2023-10-08 14:12:36,315 [INFO] IPUIPlugin:80 - create IPUIPlugin
2023-10-08 14:12:36,316 [INFO] PluginManager:220 - loadIPPluginJar : add gpio
2023-10-08 14:12:36,321 [INFO] IPUIPlugin:80 - create IPUIPlugin
2023-10-08 14:12:36,321 [INFO] PluginManager:220 - loadIPPluginJar : add lorawan
2023-10-08 14:12:36,334 [INFO] IPUIPlugin:80 - create IPUIPlugin
2023-10-08 14:12:36,334 [INFO] PluginManager:220 - loadIPPluginJar : add gic
2023-10-08 14:12:36,337 [INFO] IPUIPlugin:80 - create IPUIPlugin
2023-10-08 14:12:36,338 [INFO] PluginManager:220 - loadIPPluginJar : add tim
2023-10-08 14:12:36,344 [INFO] IPUIPlugin:80 - create IPUIPlugin
2023-10-08 14:12:36,345 [INFO] PluginManager:220 - loadIPPluginJar : add i3c
2023-10-08 14:12:36,354 [INFO] IPUIPlugin:80 - create IPUIPlugin
2023-10-08 14:12:36,361 [INFO] PluginManager:220 - loadIPPluginJar : add plateformsettings
2023-10-08 14:12:36,371 [INFO] IPUIPlugin:80 - create IPUIPlugin
2023-10-08 14:12:36,371 [INFO] PluginManager:220 - loadIPPluginJar : add linkedlist
2023-10-08 14:12:36,374 [INFO] IPUIPlugin:80 - create IPUIPlugin
2023-10-08 14:12:36,375 [INFO] PluginManager:220 - loadIPPluginJar : add tracer_emb
2023-10-08 14:12:36,379 [INFO] IPUIPlugin:80 - create IPUIPlugin
2023-10-08 14:12:36,379 [INFO] PluginManager:220 - loadIPPluginJar : add ts
2023-10-08 14:12:36,382 [INFO] IPUIPlugin:80 - create IPUIPlugin
2023-10-08 14:12:36,382 [INFO] PluginManager:220 - loadIPPluginJar : add ucpd
2023-10-08 14:12:36,386 [INFO] IPUIPlugin:80 - create IPUIPlugin
2023-10-08 14:12:36,387 [INFO] PluginManager:220 - loadIPPluginJar : add i2s
2023-10-08 14:12:36,399 [INFO] IPUIPlugin:80 - create IPUIPlugin
2023-10-08 14:12:36,400 [INFO] PluginManager:220 - loadIPPluginJar : add mdma
2023-10-08 14:12:36,405 [INFO] IPUIPlugin:80 - create IPUIPlugin
2023-10-08 14:12:36,405 [INFO] PluginManager:220 - loadIPPluginJar : add opamp
2023-10-08 14:12:36,408 [INFO] IPUIPlugin:80 - create IPUIPlugin
2023-10-08 14:12:36,408 [INFO] PluginManager:220 - loadIPPluginJar : add fatfs
2023-10-08 14:12:36,413 [INFO] IPUIPlugin:80 - create IPUIPlugin
2023-10-08 14:12:36,413 [INFO] PluginManager:220 - loadIPPluginJar : add aes
2023-10-08 14:12:36,549 [INFO] CADModel:165 - CPN selected for project level
2023-10-08 14:12:36,550 [INFO] CADModel:114 - Register for checkConnection events
2023-10-08 14:12:36,550 [FATAL] Updater:308 - Updater called before beeing initialized
2023-10-08 14:12:36,550 [ERROR] CADModel:125 - Updater not yet initialized, retry later 
2023-10-08 14:12:36,787 [INFO] CADModel:165 - CPN selected for project level
2023-10-08 14:12:36,787 [INFO] CADModel:114 - Register for checkConnection events
2023-10-08 14:12:36,787 [FATAL] Updater:308 - Updater called before beeing initialized
2023-10-08 14:12:36,787 [ERROR] CADModel:125 - Updater not yet initialized, retry later 
2023-10-08 14:12:36,795 [FATAL] Updater:308 - Updater called before beeing initialized
2023-10-08 14:12:36,967 [FATAL] Updater:308 - Updater called before beeing initialized
2023-10-08 14:12:36,982 [INFO] DbMcusAds:53 - JSON generation date=Tue Mar 07 14:20:55 IST 2023 (1678179055114)
2023-10-08 14:12:36,983 [FATAL] Updater:308 - Updater called before beeing initialized
2023-10-08 14:12:37,058 [WARN] DetailPanel:346 - Failed to get advertising image, set to default
2023-10-08 14:12:37,209 [FATAL] Updater:308 - Updater called before beeing initialized
2023-10-08 14:12:37,214 [FATAL] Updater:308 - Updater called before beeing initialized
2023-10-08 14:12:37,214 [FATAL] Updater:308 - Updater called before beeing initialized
2023-10-08 14:12:37,214 [WARN] DetailPanel:346 - Failed to get advertising image, set to default
2023-10-08 14:12:37,216 [FATAL] Updater:308 - Updater called before beeing initialized
2023-10-08 14:12:37,279 [ERROR] Updater:1120 - MainUpdater not yet initialized. External WinMGr cannot be set.
2023-10-08 14:12:37,283 [INFO] Updater:1056 - Updater Version found : 6.9.1
2023-10-08 14:12:37,323 [INFO] ApplicationProperties:184 - Using Application install path: /opt/st/stm32cubeide_1.13.1/plugins/com.st.stm32cube.common.mx_6.9.1.202307191849
2023-10-08 14:12:37,753 [INFO] MainUpdater:2868 - connection check result : 10
2023-10-08 14:12:37,755 [INFO] MainUpdater:285 - Updater Check For Update Now.
2023-10-08 14:12:37,756 [INFO] MicroXplorer:498 - Change Database Version : DB.6.0.91
2023-10-08 14:12:37,771 [INFO] McuFinderGlobals:63 - Set McuFinder mode to 2 (CubeIDE integrated)
2023-10-08 14:12:38,016 [INFO] CheckServerUpdateThread:120 - End of CheckServer Thread
2023-10-08 14:12:38,490 [WARN] PackLoader:240 - Cannot read IP mode file for STMicroelectronics.X-CUBE-SMBUS.2.1.0
2023-10-08 14:12:38,595 [WARN] PackLoader:240 - Cannot read IP mode file for STMicroelectronics.X-CUBE-AZRTOS-F7.1.1.0
2023-10-08 14:12:38,626 [WARN] PackLoader:240 - Cannot read IP mode file for STMicroelectronics.FP-SNS-MOTENV1.4.3.2
2023-10-08 14:12:38,644 [WARN] PackLoader:240 - Cannot read IP mode file for STMicroelectronics.FP-SNS-FLIGHT1.5.0.2
2023-10-08 14:12:38,664 [WARN] PackLoader:240 - Cannot read IP mode file for STMicroelectronics.X-CUBE-DISPLAY.3.0.0
2023-10-08 14:12:38,695 [WARN] PackLoader:240 - Cannot read IP mode file for STMicroelectronics.X-CUBE-BLE1.7.0.0
2023-10-08 14:12:38,709 [WARN] PackLoader:240 - Cannot read IP mode file for emotas.I-CUBE-CANOPEN.1.3.0
2023-10-08 14:12:38,720 [WARN] PackLoader:240 - Cannot read IP mode file for STMicroelectronics.X-CUBE-TOUCHGFX.4.22.0
2023-10-08 14:12:38,726 [WARN] PackLoader:240 - Cannot read IP mode file for STMicroelectronics.X-CUBE-TOUCHGFX.4.22.1
2023-10-08 14:12:38,734 [WARN] PackLoader:240 - Cannot read IP mode file for STMicroelectronics.FP-SNS-SMARTAG2.1.2.0
2023-10-08 14:12:38,755 [INFO] LogOutputStream:77 - [STDOUT_REDIRECT] 1 : Invalid condition id : UX_CORESTACK_Condition cause : null
2023-10-08 14:12:38,757 [INFO] LogOutputStream:77 - [STDOUT_REDIRECT] 1 : Invalid condition id : UX_CORESTACK_Condition cause : null
2023-10-08 14:12:38,758 [INFO] LogOutputStream:77 - [STDOUT_REDIRECT] 1 : Invalid condition id : UX_CORESTACK_Condition cause : null
2023-10-08 14:12:38,759 [INFO] LogOutputStream:77 - [STDOUT_REDIRECT] 1 : Invalid condition id : UX_CORESTACK_Condition cause : null
2023-10-08 14:12:38,760 [INFO] LogOutputStream:77 - [STDOUT_REDIRECT] 1 : Invalid condition id : UX_CORESTACK_Condition cause : null
2023-10-08 14:12:38,770 [WARN] PackLoader:240 - Cannot read IP mode file for STMicroelectronics.X-CUBE-AZRTOS-WL.2.0.0
2023-10-08 14:12:38,789 [WARN] PackLoader:240 - Cannot read IP mode file for WES.I-CUBE-Cesium.1.3.0
2023-10-08 14:12:38,800 [WARN] PackLoader:240 - Cannot read IP mode file for STMicroelectronics.X-CUBE-BLE2.3.3.0
2023-10-08 14:12:38,816 [WARN] PackLoader:240 - Cannot read IP mode file for STMicroelectronics.X-CUBE-ALGOBUILD.1.3.0
2023-10-08 14:12:38,852 [WARN] PackLoader:240 - Cannot read IP mode file for STMicroelectronics.X-CUBE-AZRTOS-G0.1.1.0
2023-10-08 14:12:38,868 [WARN] PackLoader:240 - Cannot read IP mode file for STMicroelectronics.X-CUBE-NFC4.3.0.0
2023-10-08 14:12:38,879 [WARN] PackLoader:240 - Cannot read IP mode file for STMicroelectronics.FP-ATR-SIGFOX1.3.2.0
2023-10-08 14:12:38,939 [WARN] PackLoader:240 - Cannot read IP mode file for SEGGER.I-CUBE-embOS.1.3.1
2023-10-08 14:12:39,013 [WARN] PackLoader:240 - Cannot read IP mode file for STMicroelectronics.X-CUBE-GNSS1.6.0.0
2023-10-08 14:12:39,049 [WARN] PackLoader:240 - Cannot read IP mode file for STMicroelectronics.X-CUBE-AZRTOS-F4.1.1.0
2023-10-08 14:12:39,060 [WARN] PackLoader:240 - Cannot read IP mode file for wolfSSL.I-CUBE-wolfSSL.5.6.3
2023-10-08 14:12:39,089 [WARN] PackLoader:240 - Cannot read IP mode file for STMicroelectronics.X-CUBE-AZRTOS-L5.2.0.0
2023-10-08 14:12:39,190 [WARN] PackLoader:240 - Cannot read IP mode file for STMicroelectronics.X-CUBE-MEMS1.9.6.0
2023-10-08 14:12:39,436 [WARN] PackLoader:240 - Cannot read IP mode file for ITTIA_DB.I-CUBE-ITTIADB.8.8.0
2023-10-08 14:12:39,464 [WARN] PackLoader:240 - Cannot read IP mode file for STMicroelectronics.X-CUBE-BLEMGR.2.0.0
2023-10-08 14:12:39,506 [WARN] ConditionMgr:438 - getConditionDescription Invalid condition id : UX DEVICE CLASS RTOS Condition cause : null
2023-10-08 14:12:39,507 [WARN] ConditionMgr:438 - getConditionDescription Invalid condition id : UX DEVICE CLASS RTOS Condition cause : null
2023-10-08 14:12:39,522 [WARN] PackLoader:240 - Cannot read IP mode file for STMicroelectronics.X-CUBE-AZRTOS-H7.3.1.0
2023-10-08 14:12:39,525 [WARN] ConditionMgr:1039 - genDependencies : Invalid condition id : UX DEVICE CLASS RTOS Condition cause : null
2023-10-08 14:12:39,526 [WARN] ConditionMgr:1039 - genDependencies : Invalid condition id : UX DEVICE CLASS RTOS Condition cause : null
2023-10-08 14:12:39,529 [WARN] ConditionMgr:1039 - genDependencies : Invalid condition id : UX DEVICE CLASS RTOS Condition cause : null
2023-10-08 14:12:39,530 [WARN] ConditionMgr:1039 - genDependencies : Invalid condition id : UX DEVICE CLASS RTOS Condition cause : null
2023-10-08 14:12:39,531 [WARN] ConditionMgr:1039 - genDependencies : Invalid condition id : UX DEVICE CLASS RTOS Condition cause : null
2023-10-08 14:12:39,544 [WARN] PackLoader:240 - Cannot read IP mode file for STMicroelectronics.X-CUBE-NFC7.1.0.1
2023-10-08 14:12:39,564 [WARN] PackLoader:240 - Cannot read IP mode file for STMicroelectronics.X-CUBE-NFC6.3.0.0
2023-10-08 14:12:39,578 [WARN] PackLoader:240 - Cannot read IP mode file for STMicroelectronics.X-CUBE-EEPRMA1.4.1.0
2023-10-08 14:12:39,588 [WARN] PackLoader:240 - Cannot read IP mode file for STMicroelectronics.X-CUBE-AI.8.1.0
2023-10-08 14:12:39,630 [WARN] ConditionMgr:438 - getConditionDescription Invalid condition id : LAN8742 Phy interface Condition cause : null
2023-10-08 14:12:39,632 [WARN] PackLoader:240 - Cannot read IP mode file for STMicroelectronics.X-CUBE-AZRTOS-L4.2.0.0
2023-10-08 14:12:39,636 [WARN] ConditionMgr:1039 - genDependencies : Invalid condition id : LAN8742 Phy interface Condition cause : null
2023-10-08 14:12:39,637 [WARN] ConditionMgr:1039 - genDependencies : Invalid condition id : LAN8742 Phy interface Condition cause : null
2023-10-08 14:12:39,639 [WARN] ConditionMgr:1039 - genDependencies : Invalid condition id : LAN8742 Phy interface Condition cause : null
2023-10-08 14:12:39,657 [WARN] PackLoader:240 - Cannot read IP mode file for STMicroelectronics.X-CUBE-SFXS2LP1.4.0.0
2023-10-08 14:12:39,669 [WARN] PackLoader:240 - Cannot read IP mode file for STMicroelectronics.X-CUBE-ISPU.1.1.0
2023-10-08 14:12:39,695 [WARN] ConditionMgr:438 - getConditionDescription Invalid condition id : UX DEVICE CLASS RTOS Condition cause : null
2023-10-08 14:12:39,696 [WARN] ConditionMgr:438 - getConditionDescription Invalid condition id : UX DEVICE CLASS RTOS Condition cause : null
2023-10-08 14:12:39,703 [WARN] PackLoader:240 - Cannot read IP mode file for STMicroelectronics.X-CUBE-AZRTOS-WB.2.0.0
2023-10-08 14:12:39,706 [WARN] ConditionMgr:1039 - genDependencies : Invalid condition id : UX DEVICE CLASS RTOS Condition cause : null
2023-10-08 14:12:39,707 [WARN] ConditionMgr:1039 - genDependencies : Invalid condition id : UX DEVICE CLASS RTOS Condition cause : null
2023-10-08 14:12:39,709 [WARN] ConditionMgr:1039 - genDependencies : Invalid condition id : UX DEVICE CLASS RTOS Condition cause : null
2023-10-08 14:12:39,711 [WARN] ConditionMgr:1039 - genDependencies : Invalid condition id : UX DEVICE CLASS RTOS Condition cause : null
2023-10-08 14:12:39,711 [WARN] ConditionMgr:1039 - genDependencies : Invalid condition id : UX DEVICE CLASS RTOS Condition cause : null
2023-10-08 14:12:39,738 [WARN] PackLoader:240 - Cannot read IP mode file for STMicroelectronics.X-CUBE-SUBG2.5.0.0
2023-10-08 14:12:39,793 [WARN] PackLoader:240 - Cannot read IP mode file for STMicroelectronics.X-CUBE-TOF1.3.3.1
2023-10-08 14:12:39,846 [WARN] PackLoader:240 - Cannot read IP mode file for STMicroelectronics.X-CUBE-AZRTOS-G4.2.0.0
2023-10-08 14:12:39,859 [WARN] PackLoader:240 - Cannot read IP mode file for STMicroelectronics.X-CUBE-FREERTOS.1.1.0
2023-10-08 14:12:39,866 [WARN] PackLoader:240 - Cannot read IP mode file for portGmbH.I-Cube-SoM-uGOAL.1.1.0
2023-10-08 14:12:39,874 [WARN] PackLoader:240 - Cannot read IP mode file for STMicroelectronics.X-CUBE-ALS.1.0.1
2023-10-08 14:12:39,881 [WARN] PackLoader:240 - Cannot read IP mode file for STMicroelectronics.FP-ATR-ASTRA1.2.0.0
2023-10-08 14:12:39,883 [INFO] ThirdParty:978 - Integrity check success = true
2023-10-08 14:12:39,883 [INFO] IntegrityCheckThread:100 - exiting critical section [integrity check]
2023-10-08 14:12:39,884 [INFO] IntegrityCheckThread:103 - End integrity checks thread
2023-10-08 14:12:59,081 [ERROR] LogOutputStream:75 - [STDERR_REDIRECT] SLF4J: Failed to load class "org.slf4j.impl.StaticLoggerBinder".
2023-10-08 14:12:59,083 [ERROR] LogOutputStream:75 - [STDERR_REDIRECT] SLF4J: Defaulting to no-operation (NOP) logger implementation
2023-10-08 14:12:59,084 [ERROR] LogOutputStream:75 - [STDERR_REDIRECT] SLF4J: See http://www.slf4j.org/codes.html#StaticLoggerBinder for further details.
