2023-09-29 15:01:20,428 [INFO] Activator:176 - 


2023-09-29 15:01:20,474 [INFO] Activator:177 - !SESSION log4j initialized
2023-09-29 15:01:31,528 [INFO] LogOutputStream:77 - [STDOUT_REDIRECT] 
2023-09-29 15:01:34,269 [INFO] ApplicationProperties:184 - Using Application install path: /opt/st/stm32cubeide_1.13.1/plugins/com.st.stm32cube.common.mx_6.9.1.202307191849
2023-09-29 15:01:34,349 [INFO] DbMcusXml:78 - Set database path to: /opt/st/stm32cubeide_1.13.1/plugins/com.st.stm32cube.common.mx_6.9.1.202307191849//db//mcu/
2023-09-29 15:01:34,349 [INFO] ApiDb:274 - Set plugin database path to: /opt/st/stm32cubeide_1.13.1/plugins/com.st.stm32cube.common.mx_6.9.1.202307191849//db//plugins/boardmanager/
2023-09-29 15:01:34,350 [WARN] ApiDb:259 - Overriding images path with different value:  => /opt/st/stm32cubeide_1.13.1/plugins/com.st.stm32cube.common.mx_6.9.1.202307191849//db//plugins/mcufinder/images/
2023-09-29 15:01:34,396 [INFO] ApiDb:250 - Set database path to: /home/sumit/.stmcufinder/plugins/mcufinder//mcu/
2023-09-29 15:01:34,398 [INFO] DbMcusAds:125 - Set database path to: /home/sumit/.stmcufinder/plugins/mcufinder//mcu/
2023-09-29 15:01:34,402 [INFO] CrossReferenceDbSqlite:203 - Set database path to: /home/sumit/.stmcufinder/plugins/mcufinder//mcu/cs/
2023-09-29 15:01:34,620 [INFO] RulesReader:64 - Compatibility file has been processed (293 Rules)
2023-09-29 15:01:34,812 [INFO] DbMcusXml:78 - Set database path to: /opt/st/stm32cubeide_1.13.1/plugins/com.st.stm32cube.common.mx_6.9.1.202307191849//db//mcu/
2023-09-29 15:01:34,812 [INFO] ApiDb:274 - Set plugin database path to: /opt/st/stm32cubeide_1.13.1/plugins/com.st.stm32cube.common.mx_6.9.1.202307191849//db//plugins/boardmanager/
2023-09-29 15:01:34,813 [INFO] ApiDb:261 - Set plugin images path to: /opt/st/stm32cubeide_1.13.1/plugins/com.st.stm32cube.common.mx_6.9.1.202307191849//db//plugins/mcufinder/images/
2023-09-29 15:01:34,813 [WARN] DbFile:41 - Overriding database path with different value: /home/sumit/.stmcufinder/plugins/mcufinder/ => /home/sumit/.stmcufinder/plugins/mcufinder
2023-09-29 15:01:34,813 [INFO] ApiDb:250 - Set database path to: /home/sumit/.stmcufinder/plugins/mcufinder//mcu/
2023-09-29 15:01:34,813 [WARN] DbFile:41 - Overriding database path with different value: /home/sumit/.stmcufinder/plugins/mcufinder/ => /home/sumit/.stmcufinder/plugins/mcufinder
2023-09-29 15:01:34,814 [INFO] DbMcusAds:125 - Set database path to: /home/sumit/.stmcufinder/plugins/mcufinder//mcu/
2023-09-29 15:01:34,814 [WARN] DbFile:41 - Overriding database path with different value: /home/sumit/.stmcufinder/plugins/mcufinder/ => /home/sumit/.stmcufinder/plugins/mcufinder
2023-09-29 15:01:34,814 [WARN] DbFile:41 - Overriding database path with different value: /home/sumit/.stmcufinder/plugins/mcufinder/ => /home/sumit/.stmcufinder/plugins/mcufinder
2023-09-29 15:01:34,814 [INFO] CrossReferenceDbSqlite:203 - Set database path to: /home/sumit/.stmcufinder/plugins/mcufinder//mcu/cs/
2023-09-29 15:01:34,953 [INFO] MainPanel:262 - HeapMemory: 268435456
2023-09-29 15:01:35,282 [INFO] DbMcusXml:78 - Set database path to: /opt/st/stm32cubeide_1.13.1/plugins/com.st.stm32cube.common.mx_6.9.1.202307191849//db//mcu/
2023-09-29 15:01:35,282 [INFO] ApiDb:274 - Set plugin database path to: /opt/st/stm32cubeide_1.13.1/plugins/com.st.stm32cube.common.mx_6.9.1.202307191849//db//plugins/boardmanager/
2023-09-29 15:01:35,283 [INFO] ApiDb:261 - Set plugin images path to: /opt/st/stm32cubeide_1.13.1/plugins/com.st.stm32cube.common.mx_6.9.1.202307191849//db//plugins/mcufinder/images/
2023-09-29 15:01:35,297 [WARN] DbFile:41 - Overriding database path with different value: /home/sumit/.stmcufinder/plugins/mcufinder/ => /home/sumit/.stmcufinder/plugins/mcufinder
2023-09-29 15:01:35,298 [INFO] ApiDb:250 - Set database path to: /home/sumit/.stmcufinder/plugins/mcufinder//mcu/
2023-09-29 15:01:35,298 [WARN] DbFile:41 - Overriding database path with different value: /home/sumit/.stmcufinder/plugins/mcufinder/ => /home/sumit/.stmcufinder/plugins/mcufinder
2023-09-29 15:01:35,298 [INFO] DbMcusAds:125 - Set database path to: /home/sumit/.stmcufinder/plugins/mcufinder//mcu/
2023-09-29 15:01:35,298 [WARN] DbFile:41 - Overriding database path with different value: /home/sumit/.stmcufinder/plugins/mcufinder/ => /home/sumit/.stmcufinder/plugins/mcufinder
2023-09-29 15:01:35,299 [WARN] DbFile:41 - Overriding database path with different value: /home/sumit/.stmcufinder/plugins/mcufinder/ => /home/sumit/.stmcufinder/plugins/mcufinder
2023-09-29 15:01:35,299 [INFO] CrossReferenceDbSqlite:203 - Set database path to: /home/sumit/.stmcufinder/plugins/mcufinder//mcu/cs/
2023-09-29 15:01:35,319 [INFO] ApplicationProperties:184 - Using Application install path: /opt/st/stm32cubeide_1.13.1/plugins/com.st.stm32cube.common.mx_6.9.1.202307191849
2023-09-29 15:01:35,321 [INFO] PluginManage:196 - Search for loadable plugins [exclusion list=, ]
2023-09-29 15:01:35,323 [INFO] PluginManage:310 - Check plugin analytics
2023-09-29 15:01:35,616 [INFO] AnalyticsPlugin:253 - Accepted Software Licenses: 
2023-09-29 15:01:35,616 [INFO] AnalyticsPlugin:255 - Accepted CMSIS Pack Licenses: 
2023-09-29 15:01:35,616 [INFO] AnalyticsPlugin:257 - Accepted Firmware Licenses: 
2023-09-29 15:01:35,620 [INFO] PluginManage:359 - Loaded plugin analytics (category:tool,tabindex:-1)
2023-09-29 15:01:35,620 [INFO] PluginManage:310 - Check plugin cadmodel
2023-09-29 15:01:35,863 [INFO] CADModel:105 - Init CAD model plugin
2023-09-29 15:01:35,864 [INFO] PluginManage:359 - Loaded plugin cadmodel (category:power,tabindex:5)
2023-09-29 15:01:35,864 [INFO] PluginManage:310 - Check plugin clock
2023-09-29 15:01:35,907 [INFO] PluginManage:359 - Loaded plugin clock (category:base,tabindex:2)
2023-09-29 15:01:35,908 [INFO] PluginManage:310 - Check plugin ddr
2023-09-29 15:01:35,921 [INFO] PluginManage:359 - Loaded plugin ddr (category:tool,tabindex:6)
2023-09-29 15:01:35,921 [INFO] PluginManage:310 - Check plugin filemanager
2023-09-29 15:01:36,181 [INFO] PluginManage:359 - Loaded plugin filemanager (category:base,tabindex:10)
2023-09-29 15:01:36,182 [INFO] PluginManage:310 - Check plugin ipmanager
2023-09-29 15:01:36,189 [INFO] PluginManage:359 - Loaded plugin ipmanager (category:base,tabindex:5)
2023-09-29 15:01:36,189 [INFO] PluginManage:310 - Check plugin lpbam
2023-09-29 15:01:36,205 [INFO] PluginManage:359 - Loaded plugin lpbam (category:base,tabindex:0)
2023-09-29 15:01:36,205 [INFO] PluginManage:310 - Check plugin memorymap
2023-09-29 15:01:36,249 [INFO] PluginManage:359 - Loaded plugin memorymap (category:base,tabindex:4)
2023-09-29 15:01:36,249 [INFO] PluginManage:310 - Check plugin pinoutandconfiguration
2023-09-29 15:01:36,260 [INFO] PluginManage:359 - Loaded plugin pinoutandconfiguration (category:base,tabindex:1)
2023-09-29 15:01:36,261 [INFO] PluginManage:310 - Check plugin pinoutconfig
2023-09-29 15:01:36,383 [WARN] SupportedApi:132 - Cannot load RTOS API schema: s4s-elt-must-match.1: The content of 'definitions' must match (annotation?, (simpleType | complexType)?, (unique | key | keyref)*)). A problem was found starting at: attribute.
2023-09-29 15:01:36,617 [INFO] PluginManage:359 - Loaded plugin pinoutconfig (category:base,tabindex:0)
2023-09-29 15:01:36,617 [INFO] PluginManage:310 - Check plugin power
2023-09-29 15:01:36,684 [INFO] PluginManage:359 - Loaded plugin power (category:power,tabindex:4)
2023-09-29 15:01:36,685 [INFO] PluginManage:310 - Check plugin projectmanager
2023-09-29 15:01:36,721 [INFO] PluginManage:359 - Loaded plugin projectmanager (category:projectmanager,tabindex:3)
2023-09-29 15:01:36,721 [INFO] PluginManage:310 - Check plugin thirdparty
2023-09-29 15:01:37,123 [INFO] PluginManage:359 - Loaded plugin thirdparty (category:base,tabindex:-1)
2023-09-29 15:01:37,123 [INFO] PluginManage:310 - Check plugin tools
2023-09-29 15:01:37,123 [WARN] IntegrityCheckThread:84 - waiting for thirdparty lock release [integrity check]
2023-09-29 15:01:37,123 [INFO] IntegrityCheckThread:86 - entering critical section [integrity check]
2023-09-29 15:01:37,124 [INFO] ThirdPartyUpdaterWithRetryManager:70 - Updater plugin not ready yet. [1/15]
2023-09-29 15:01:37,137 [INFO] PluginManage:359 - Loaded plugin tools (category:base,tabindex:7)
2023-09-29 15:01:37,137 [INFO] PluginManage:310 - Check plugin tutovideos
2023-09-29 15:01:37,388 [INFO] PluginManage:359 - Loaded plugin tutovideos (category:base,tabindex:-1)
2023-09-29 15:01:37,388 [INFO] PluginManage:310 - Check plugin updater
2023-09-29 15:01:37,436 [INFO] PluginManage:359 - Loaded plugin updater (category:base,tabindex:12)
2023-09-29 15:01:37,436 [INFO] PluginManage:310 - Check plugin userauth
2023-09-29 15:01:37,459 [INFO] UserAuth:113 - Init User Auth plugin
2023-09-29 15:01:37,459 [INFO] PluginManage:359 - Loaded plugin userauth (category:base,tabindex:14)
2023-09-29 15:01:37,461 [INFO] PluginManage:283 - PluginManage : Loaded plugins [17]
2023-09-29 15:01:38,245 [INFO] PinOutPanel:1499 - setPackage(No Configuration,No Configuration)
2023-09-29 15:01:38,488 [INFO] CADModel:165 - CPN selected for project level
2023-09-29 15:01:38,489 [INFO] CADModel:114 - Register for checkConnection events
2023-09-29 15:01:38,505 [INFO] IPUIPlugin:80 - create IPUIPlugin
2023-09-29 15:01:38,516 [INFO] PluginManager:220 - loadIPPluginJar : add nvic
2023-09-29 15:01:38,548 [INFO] IPUIPlugin:80 - create IPUIPlugin
2023-09-29 15:01:38,548 [INFO] PluginManager:220 - loadIPPluginJar : add stm32_wpan
2023-09-29 15:01:38,552 [INFO] IPUIPlugin:80 - create IPUIPlugin
2023-09-29 15:01:38,552 [INFO] PluginManager:220 - loadIPPluginJar : add i2c
2023-09-29 15:01:38,556 [INFO] IPUIPlugin:80 - create IPUIPlugin
2023-09-29 15:01:38,556 [INFO] PluginManager:220 - loadIPPluginJar : add hash
2023-09-29 15:01:38,558 [INFO] IPUIPlugin:80 - create IPUIPlugin
2023-09-29 15:01:38,559 [INFO] PluginManager:220 - loadIPPluginJar : add tsc
2023-09-29 15:01:38,565 [INFO] IPUIPlugin:80 - create IPUIPlugin
2023-09-29 15:01:38,566 [INFO] PluginManager:220 - loadIPPluginJar : add can
2023-09-29 15:01:38,571 [INFO] IPUIPlugin:80 - create IPUIPlugin
2023-09-29 15:01:38,571 [INFO] PluginManager:220 - loadIPPluginJar : add pdm2pcm
2023-09-29 15:01:38,602 [INFO] IPUIPlugin:80 - create IPUIPlugin
2023-09-29 15:01:38,603 [INFO] PluginManager:220 - loadIPPluginJar : add dma
2023-09-29 15:01:38,607 [INFO] IPUIPlugin:80 - create IPUIPlugin
2023-09-29 15:01:38,608 [INFO] PluginManager:220 - loadIPPluginJar : add sai
2023-09-29 15:01:38,611 [INFO] IPUIPlugin:80 - create IPUIPlugin
2023-09-29 15:01:38,611 [INFO] PluginManager:220 - loadIPPluginJar : add spi
2023-09-29 15:01:38,615 [INFO] IPUIPlugin:80 - create IPUIPlugin
2023-09-29 15:01:38,615 [INFO] PluginManager:220 - loadIPPluginJar : add usart
2023-09-29 15:01:38,622 [INFO] IPUIPlugin:80 - create IPUIPlugin
2023-09-29 15:01:38,622 [INFO] PluginManager:220 - loadIPPluginJar : add fmc
2023-09-29 15:01:38,653 [INFO] IPUIPlugin:80 - create IPUIPlugin
2023-09-29 15:01:38,653 [INFO] PluginManager:220 - loadIPPluginJar : add resmgrutility
2023-09-29 15:01:38,656 [INFO] IPUIPlugin:80 - create IPUIPlugin
2023-09-29 15:01:38,656 [INFO] PluginManager:220 - loadIPPluginJar : add quadspi
2023-09-29 15:01:38,659 [INFO] IPUIPlugin:80 - create IPUIPlugin
2023-09-29 15:01:38,660 [INFO] PluginManager:220 - loadIPPluginJar : add comp
2023-09-29 15:01:38,663 [INFO] IPUIPlugin:80 - create IPUIPlugin
2023-09-29 15:01:38,664 [INFO] PluginManager:220 - loadIPPluginJar : add gfxmmu
2023-09-29 15:01:38,668 [INFO] IPUIPlugin:80 - create IPUIPlugin
2023-09-29 15:01:38,669 [INFO] PluginManager:220 - loadIPPluginJar : add dma3
2023-09-29 15:01:38,675 [INFO] IPUIPlugin:80 - create IPUIPlugin
2023-09-29 15:01:38,676 [INFO] PluginManager:220 - loadIPPluginJar : add freertos
2023-09-29 15:01:38,677 [INFO] IPUIPlugin:80 - create IPUIPlugin
2023-09-29 15:01:38,677 [INFO] PluginManager:220 - loadIPPluginJar : add ltdc
2023-09-29 15:01:38,680 [INFO] IPUIPlugin:80 - create IPUIPlugin
2023-09-29 15:01:38,680 [INFO] PluginManager:220 - loadIPPluginJar : add dfsdm
2023-09-29 15:01:38,681 [INFO] IPUIPlugin:80 - create IPUIPlugin
2023-09-29 15:01:38,682 [INFO] PluginManager:220 - loadIPPluginJar : add genericplugin
2023-09-29 15:01:38,685 [INFO] IPUIPlugin:80 - create IPUIPlugin
2023-09-29 15:01:38,685 [INFO] PluginManager:220 - loadIPPluginJar : add openamp
2023-09-29 15:01:38,687 [INFO] IPUIPlugin:80 - create IPUIPlugin
2023-09-29 15:01:38,688 [INFO] PluginManager:220 - loadIPPluginJar : add cryp
2023-09-29 15:01:38,691 [INFO] IPUIPlugin:80 - create IPUIPlugin
2023-09-29 15:01:38,691 [INFO] PluginManager:220 - loadIPPluginJar : add gtzc
2023-09-29 15:01:38,697 [INFO] IPUIPlugin:80 - create IPUIPlugin
2023-09-29 15:01:38,698 [INFO] PluginManager:220 - loadIPPluginJar : add adc
2023-09-29 15:01:38,701 [INFO] IPUIPlugin:80 - create IPUIPlugin
2023-09-29 15:01:38,701 [INFO] PluginManager:220 - loadIPPluginJar : add touchsensing
2023-09-29 15:01:38,704 [INFO] IPUIPlugin:80 - create IPUIPlugin
2023-09-29 15:01:38,705 [INFO] PluginManager:220 - loadIPPluginJar : add usbx
2023-09-29 15:01:38,717 [INFO] IPUIPlugin:80 - create IPUIPlugin
2023-09-29 15:01:38,717 [INFO] PluginManager:220 - loadIPPluginJar : add ipddr
2023-09-29 15:01:38,724 [INFO] IPUIPlugin:80 - create IPUIPlugin
2023-09-29 15:01:38,724 [INFO] PluginManager:220 - loadIPPluginJar : add gpio
2023-09-29 15:01:38,727 [INFO] IPUIPlugin:80 - create IPUIPlugin
2023-09-29 15:01:38,727 [INFO] PluginManager:220 - loadIPPluginJar : add lorawan
2023-09-29 15:01:38,732 [INFO] IPUIPlugin:80 - create IPUIPlugin
2023-09-29 15:01:38,732 [INFO] PluginManager:220 - loadIPPluginJar : add gic
2023-09-29 15:01:38,734 [INFO] IPUIPlugin:80 - create IPUIPlugin
2023-09-29 15:01:38,734 [INFO] PluginManager:220 - loadIPPluginJar : add tim
2023-09-29 15:01:38,737 [INFO] IPUIPlugin:80 - create IPUIPlugin
2023-09-29 15:01:38,737 [INFO] PluginManager:220 - loadIPPluginJar : add i3c
2023-09-29 15:01:38,745 [INFO] IPUIPlugin:80 - create IPUIPlugin
2023-09-29 15:01:38,748 [INFO] PluginManager:220 - loadIPPluginJar : add plateformsettings
2023-09-29 15:01:38,756 [INFO] IPUIPlugin:80 - create IPUIPlugin
2023-09-29 15:01:38,756 [INFO] PluginManager:220 - loadIPPluginJar : add linkedlist
2023-09-29 15:01:38,758 [INFO] IPUIPlugin:80 - create IPUIPlugin
2023-09-29 15:01:38,759 [INFO] PluginManager:220 - loadIPPluginJar : add tracer_emb
2023-09-29 15:01:38,761 [INFO] IPUIPlugin:80 - create IPUIPlugin
2023-09-29 15:01:38,761 [INFO] PluginManager:220 - loadIPPluginJar : add ts
2023-09-29 15:01:38,763 [INFO] IPUIPlugin:80 - create IPUIPlugin
2023-09-29 15:01:38,763 [INFO] PluginManager:220 - loadIPPluginJar : add ucpd
2023-09-29 15:01:38,766 [INFO] IPUIPlugin:80 - create IPUIPlugin
2023-09-29 15:01:38,766 [INFO] PluginManager:220 - loadIPPluginJar : add i2s
2023-09-29 15:01:38,780 [INFO] IPUIPlugin:80 - create IPUIPlugin
2023-09-29 15:01:38,780 [INFO] PluginManager:220 - loadIPPluginJar : add mdma
2023-09-29 15:01:38,783 [INFO] IPUIPlugin:80 - create IPUIPlugin
2023-09-29 15:01:38,783 [INFO] PluginManager:220 - loadIPPluginJar : add opamp
2023-09-29 15:01:38,785 [INFO] IPUIPlugin:80 - create IPUIPlugin
2023-09-29 15:01:38,785 [INFO] PluginManager:220 - loadIPPluginJar : add fatfs
2023-09-29 15:01:38,788 [INFO] IPUIPlugin:80 - create IPUIPlugin
2023-09-29 15:01:38,788 [INFO] PluginManager:220 - loadIPPluginJar : add aes
2023-09-29 15:01:38,891 [INFO] CADModel:165 - CPN selected for project level
2023-09-29 15:01:38,892 [INFO] CADModel:114 - Register for checkConnection events
2023-09-29 15:01:38,892 [FATAL] Updater:308 - Updater called before beeing initialized
2023-09-29 15:01:38,892 [ERROR] CADModel:125 - Updater not yet initialized, retry later 
2023-09-29 15:01:39,169 [INFO] CADModel:165 - CPN selected for project level
2023-09-29 15:01:39,170 [INFO] CADModel:114 - Register for checkConnection events
2023-09-29 15:01:39,170 [FATAL] Updater:308 - Updater called before beeing initialized
2023-09-29 15:01:39,170 [ERROR] CADModel:125 - Updater not yet initialized, retry later 
2023-09-29 15:01:39,175 [FATAL] Updater:308 - Updater called before beeing initialized
2023-09-29 15:01:39,281 [FATAL] Updater:308 - Updater called before beeing initialized
2023-09-29 15:01:39,299 [INFO] DbMcusAds:53 - JSON generation date=Tue Mar 07 14:20:55 IST 2023 (1678179055114)
2023-09-29 15:01:39,299 [FATAL] Updater:308 - Updater called before beeing initialized
2023-09-29 15:01:39,448 [WARN] DetailPanel:346 - Failed to get advertising image, set to default
2023-09-29 15:01:39,547 [FATAL] Updater:308 - Updater called before beeing initialized
2023-09-29 15:01:39,570 [FATAL] Updater:308 - Updater called before beeing initialized
2023-09-29 15:01:39,570 [FATAL] Updater:308 - Updater called before beeing initialized
2023-09-29 15:01:39,570 [WARN] DetailPanel:346 - Failed to get advertising image, set to default
2023-09-29 15:01:39,571 [FATAL] Updater:308 - Updater called before beeing initialized
2023-09-29 15:01:39,615 [ERROR] Updater:1120 - MainUpdater not yet initialized. External WinMGr cannot be set.
2023-09-29 15:01:39,630 [INFO] Updater:1056 - Updater Version found : 6.9.1
2023-09-29 15:01:39,655 [INFO] ApplicationProperties:184 - Using Application install path: /opt/st/stm32cubeide_1.13.1/plugins/com.st.stm32cube.common.mx_6.9.1.202307191849
2023-09-29 15:01:40,028 [INFO] MainUpdater:2868 - connection check result : 10
2023-09-29 15:01:40,028 [INFO] MainUpdater:3562 - Updater definition file requires update
2023-09-29 15:01:40,029 [INFO] MainUpdater:285 - Updater Check For Update Now.
2023-09-29 15:01:40,029 [INFO] MicroXplorer:498 - Change Database Version : DB.6.0.91
2023-09-29 15:01:40,037 [INFO] McuFinderGlobals:63 - Set McuFinder mode to 2 (CubeIDE integrated)
2023-09-29 15:01:40,083 [INFO] ServerAccessManage:473 - Download File updaters.zip
2023-09-29 15:01:40,125 [WARN] MainUpdater:1189 - Updater busy. Cannot search thirdparties
2023-09-29 15:01:40,125 [INFO] ThirdPartyUpdaterWithRetryManager:96 - Updater plugin is busy. [1/15]
2023-09-29 15:01:40,211 [INFO] FileExtend:240 - Unzip File : updaters.zip
2023-09-29 15:01:40,212 [INFO] FileExtend:255 - Standard Zip Deflate
2023-09-29 15:01:40,420 [INFO] ServerAccessManage:473 - Download File PacksControlFlags.xml
2023-09-29 15:01:40,481 [INFO] ServerAccessManage:473 - Download File cubemx.pidx
2023-09-29 15:01:40,716 [INFO] LoadServerUpdatesThread:373 - End of LoadServerUpdate Thread
2023-09-29 15:01:40,891 [INFO] CheckServerUpdateThread:120 - End of CheckServer Thread
2023-09-29 15:01:44,138 [WARN] PackLoader:240 - Cannot read IP mode file for STMicroelectronics.X-CUBE-SMBUS.2.1.0
2023-09-29 15:01:44,188 [WARN] PackLoader:240 - Cannot read IP mode file for STMicroelectronics.X-CUBE-AZRTOS-F7.1.1.0
2023-09-29 15:01:44,227 [WARN] PackLoader:240 - Cannot read IP mode file for STMicroelectronics.FP-SNS-MOTENV1.4.3.2
2023-09-29 15:01:44,244 [WARN] PackLoader:240 - Cannot read IP mode file for STMicroelectronics.FP-SNS-FLIGHT1.5.0.2
2023-09-29 15:01:44,261 [WARN] PackLoader:240 - Cannot read IP mode file for STMicroelectronics.X-CUBE-DISPLAY.3.0.0
2023-09-29 15:01:44,300 [WARN] PackLoader:240 - Cannot read IP mode file for STMicroelectronics.X-CUBE-BLE1.7.0.0
2023-09-29 15:01:44,323 [WARN] PackLoader:240 - Cannot read IP mode file for emotas.I-CUBE-CANOPEN.1.3.0
2023-09-29 15:01:44,329 [WARN] PackLoader:240 - Cannot read IP mode file for STMicroelectronics.X-CUBE-TOUCHGFX.4.22.0
2023-09-29 15:01:44,352 [WARN] PackLoader:240 - Cannot read IP mode file for STMicroelectronics.FP-SNS-SMARTAG2.1.2.0
2023-09-29 15:01:44,400 [INFO] LogOutputStream:77 - [STDOUT_REDIRECT] 1 : Invalid condition id : UX_CORESTACK_Condition cause : null
2023-09-29 15:01:44,401 [INFO] LogOutputStream:77 - [STDOUT_REDIRECT] 1 : Invalid condition id : UX_CORESTACK_Condition cause : null
2023-09-29 15:01:44,402 [INFO] LogOutputStream:77 - [STDOUT_REDIRECT] 1 : Invalid condition id : UX_CORESTACK_Condition cause : null
2023-09-29 15:01:44,402 [INFO] LogOutputStream:77 - [STDOUT_REDIRECT] 1 : Invalid condition id : UX_CORESTACK_Condition cause : null
2023-09-29 15:01:44,403 [INFO] LogOutputStream:77 - [STDOUT_REDIRECT] 1 : Invalid condition id : UX_CORESTACK_Condition cause : null
2023-09-29 15:01:44,415 [WARN] PackLoader:240 - Cannot read IP mode file for STMicroelectronics.X-CUBE-AZRTOS-WL.2.0.0
2023-09-29 15:01:44,445 [WARN] PackLoader:240 - Cannot read IP mode file for WES.I-CUBE-Cesium.1.3.0
2023-09-29 15:01:44,521 [WARN] PackLoader:240 - Cannot read IP mode file for STMicroelectronics.X-CUBE-BLE2.3.3.0
2023-09-29 15:01:44,551 [WARN] PackLoader:240 - Cannot read IP mode file for STMicroelectronics.X-CUBE-ALGOBUILD.1.3.0
2023-09-29 15:01:44,593 [WARN] PackLoader:240 - Cannot read IP mode file for STMicroelectronics.X-CUBE-AZRTOS-G0.1.1.0
2023-09-29 15:01:44,603 [WARN] PackLoader:240 - Cannot read IP mode file for STMicroelectronics.X-CUBE-NFC4.3.0.0
2023-09-29 15:01:44,608 [WARN] PackLoader:240 - Cannot read IP mode file for STMicroelectronics.FP-ATR-SIGFOX1.3.2.0
2023-09-29 15:01:44,693 [WARN] PackLoader:240 - Cannot read IP mode file for SEGGER.I-CUBE-embOS.1.3.1
2023-09-29 15:01:44,769 [WARN] PackLoader:240 - Cannot read IP mode file for STMicroelectronics.X-CUBE-GNSS1.6.0.0
2023-09-29 15:01:44,802 [WARN] PackLoader:240 - Cannot read IP mode file for STMicroelectronics.X-CUBE-AZRTOS-F4.1.1.0
2023-09-29 15:01:44,819 [WARN] PackLoader:240 - Cannot read IP mode file for wolfSSL.I-CUBE-wolfSSL.5.6.3
2023-09-29 15:01:44,867 [WARN] PackLoader:240 - Cannot read IP mode file for STMicroelectronics.X-CUBE-AZRTOS-L5.2.0.0
2023-09-29 15:01:44,960 [WARN] PackLoader:240 - Cannot read IP mode file for STMicroelectronics.X-CUBE-MEMS1.9.6.0
2023-09-29 15:01:45,237 [WARN] PackLoader:240 - Cannot read IP mode file for STMicroelectronics.X-CUBE-BLEMGR.2.0.0
2023-09-29 15:01:45,274 [WARN] ConditionMgr:438 - getConditionDescription Invalid condition id : UX DEVICE CLASS RTOS Condition cause : null
2023-09-29 15:01:45,275 [WARN] ConditionMgr:438 - getConditionDescription Invalid condition id : UX DEVICE CLASS RTOS Condition cause : null
2023-09-29 15:01:45,279 [WARN] PackLoader:240 - Cannot read IP mode file for STMicroelectronics.X-CUBE-AZRTOS-H7.3.1.0
2023-09-29 15:01:45,280 [WARN] ConditionMgr:1039 - genDependencies : Invalid condition id : UX DEVICE CLASS RTOS Condition cause : null
2023-09-29 15:01:45,280 [WARN] ConditionMgr:1039 - genDependencies : Invalid condition id : UX DEVICE CLASS RTOS Condition cause : null
2023-09-29 15:01:45,281 [WARN] ConditionMgr:1039 - genDependencies : Invalid condition id : UX DEVICE CLASS RTOS Condition cause : null
2023-09-29 15:01:45,281 [WARN] ConditionMgr:1039 - genDependencies : Invalid condition id : UX DEVICE CLASS RTOS Condition cause : null
2023-09-29 15:01:45,282 [WARN] ConditionMgr:1039 - genDependencies : Invalid condition id : UX DEVICE CLASS RTOS Condition cause : null
2023-09-29 15:01:45,288 [WARN] PackLoader:240 - Cannot read IP mode file for STMicroelectronics.X-CUBE-NFC7.1.0.1
2023-09-29 15:01:45,295 [WARN] PackLoader:240 - Cannot read IP mode file for STMicroelectronics.X-CUBE-NFC6.3.0.0
2023-09-29 15:01:45,304 [WARN] PackLoader:240 - Cannot read IP mode file for STMicroelectronics.X-CUBE-EEPRMA1.4.1.0
2023-09-29 15:01:45,309 [WARN] PackLoader:240 - Cannot read IP mode file for STMicroelectronics.X-CUBE-AI.8.1.0
2023-09-29 15:01:45,351 [WARN] ConditionMgr:438 - getConditionDescription Invalid condition id : LAN8742 Phy interface Condition cause : null
2023-09-29 15:01:45,352 [WARN] PackLoader:240 - Cannot read IP mode file for STMicroelectronics.X-CUBE-AZRTOS-L4.2.0.0
2023-09-29 15:01:45,353 [WARN] ConditionMgr:1039 - genDependencies : Invalid condition id : LAN8742 Phy interface Condition cause : null
2023-09-29 15:01:45,354 [WARN] ConditionMgr:1039 - genDependencies : Invalid condition id : LAN8742 Phy interface Condition cause : null
2023-09-29 15:01:45,355 [WARN] ConditionMgr:1039 - genDependencies : Invalid condition id : LAN8742 Phy interface Condition cause : null
2023-09-29 15:01:45,362 [WARN] PackLoader:240 - Cannot read IP mode file for STMicroelectronics.X-CUBE-SFXS2LP1.4.0.0
2023-09-29 15:01:45,368 [WARN] PackLoader:240 - Cannot read IP mode file for STMicroelectronics.X-CUBE-ISPU.1.1.0
2023-09-29 15:01:45,381 [WARN] ConditionMgr:438 - getConditionDescription Invalid condition id : UX DEVICE CLASS RTOS Condition cause : null
2023-09-29 15:01:45,381 [WARN] ConditionMgr:438 - getConditionDescription Invalid condition id : UX DEVICE CLASS RTOS Condition cause : null
2023-09-29 15:01:45,384 [WARN] PackLoader:240 - Cannot read IP mode file for STMicroelectronics.X-CUBE-AZRTOS-WB.2.0.0
2023-09-29 15:01:45,385 [WARN] ConditionMgr:1039 - genDependencies : Invalid condition id : UX DEVICE CLASS RTOS Condition cause : null
2023-09-29 15:01:45,385 [WARN] ConditionMgr:1039 - genDependencies : Invalid condition id : UX DEVICE CLASS RTOS Condition cause : null
2023-09-29 15:01:45,386 [WARN] ConditionMgr:1039 - genDependencies : Invalid condition id : UX DEVICE CLASS RTOS Condition cause : null
2023-09-29 15:01:45,386 [WARN] ConditionMgr:1039 - genDependencies : Invalid condition id : UX DEVICE CLASS RTOS Condition cause : null
2023-09-29 15:01:45,387 [WARN] ConditionMgr:1039 - genDependencies : Invalid condition id : UX DEVICE CLASS RTOS Condition cause : null
2023-09-29 15:01:45,416 [WARN] PackLoader:240 - Cannot read IP mode file for STMicroelectronics.X-CUBE-SUBG2.5.0.0
2023-09-29 15:01:45,446 [WARN] PackLoader:240 - Cannot read IP mode file for STMicroelectronics.X-CUBE-TOF1.3.3.1
2023-09-29 15:01:45,471 [WARN] PackLoader:240 - Cannot read IP mode file for STMicroelectronics.X-CUBE-AZRTOS-G4.2.0.0
2023-09-29 15:01:45,478 [WARN] PackLoader:240 - Cannot read IP mode file for STMicroelectronics.X-CUBE-FREERTOS.1.1.0
2023-09-29 15:01:45,494 [WARN] PackLoader:240 - Cannot read IP mode file for portGmbH.I-Cube-SoM-uGOAL.1.1.0
2023-09-29 15:01:45,510 [WARN] PackLoader:240 - Cannot read IP mode file for STMicroelectronics.X-CUBE-ALS.1.0.1
2023-09-29 15:01:45,526 [WARN] PackLoader:240 - Cannot read IP mode file for STMicroelectronics.FP-ATR-ASTRA1.2.0.0
2023-09-29 15:01:45,527 [INFO] ThirdParty:978 - Integrity check success = true
2023-09-29 15:01:45,527 [INFO] IntegrityCheckThread:100 - exiting critical section [integrity check]
2023-09-29 15:01:45,527 [INFO] IntegrityCheckThread:103 - End integrity checks thread
2023-09-29 15:02:01,481 [ERROR] LogOutputStream:75 - [STDERR_REDIRECT] SLF4J: Failed to load class "org.slf4j.impl.StaticLoggerBinder".
2023-09-29 15:02:01,482 [ERROR] LogOutputStream:75 - [STDERR_REDIRECT] SLF4J: Defaulting to no-operation (NOP) logger implementation
2023-09-29 15:02:01,482 [ERROR] LogOutputStream:75 - [STDERR_REDIRECT] SLF4J: See http://www.slf4j.org/codes.html#StaticLoggerBinder for further details.
