2023-10-09 11:40:08,658 [INFO] Activator:176 - 


2023-10-09 11:40:08,686 [INFO] Activator:177 - !SESSION log4j initialized
2023-10-09 11:40:18,068 [INFO] LogOutputStream:77 - [STDOUT_REDIRECT] 
2023-10-09 11:40:20,119 [INFO] ApplicationProperties:184 - Using Application install path: /opt/st/stm32cubeide_1.13.1/plugins/com.st.stm32cube.common.mx_6.9.1.202307191849
2023-10-09 11:40:20,188 [INFO] DbMcusXml:78 - Set database path to: /opt/st/stm32cubeide_1.13.1/plugins/com.st.stm32cube.common.mx_6.9.1.202307191849//db//mcu/
2023-10-09 11:40:20,189 [INFO] ApiDb:274 - Set plugin database path to: /opt/st/stm32cubeide_1.13.1/plugins/com.st.stm32cube.common.mx_6.9.1.202307191849//db//plugins/boardmanager/
2023-10-09 11:40:20,191 [WARN] ApiDb:259 - Overriding images path with different value:  => /opt/st/stm32cubeide_1.13.1/plugins/com.st.stm32cube.common.mx_6.9.1.202307191849//db//plugins/mcufinder/images/
2023-10-09 11:40:20,290 [INFO] ApiDb:250 - Set database path to: /home/sumit/.stmcufinder/plugins/mcufinder//mcu/
2023-10-09 11:40:20,293 [INFO] DbMcusAds:125 - Set database path to: /home/sumit/.stmcufinder/plugins/mcufinder//mcu/
2023-10-09 11:40:20,299 [INFO] CrossReferenceDbSqlite:203 - Set database path to: /home/sumit/.stmcufinder/plugins/mcufinder//mcu/cs/
2023-10-09 11:40:20,585 [INFO] RulesReader:64 - Compatibility file has been processed (293 Rules)
2023-10-09 11:40:20,845 [INFO] DbMcusXml:78 - Set database path to: /opt/st/stm32cubeide_1.13.1/plugins/com.st.stm32cube.common.mx_6.9.1.202307191849//db//mcu/
2023-10-09 11:40:20,846 [INFO] ApiDb:274 - Set plugin database path to: /opt/st/stm32cubeide_1.13.1/plugins/com.st.stm32cube.common.mx_6.9.1.202307191849//db//plugins/boardmanager/
2023-10-09 11:40:20,846 [INFO] ApiDb:261 - Set plugin images path to: /opt/st/stm32cubeide_1.13.1/plugins/com.st.stm32cube.common.mx_6.9.1.202307191849//db//plugins/mcufinder/images/
2023-10-09 11:40:20,847 [WARN] DbFile:41 - Overriding database path with different value: /home/sumit/.stmcufinder/plugins/mcufinder/ => /home/sumit/.stmcufinder/plugins/mcufinder
2023-10-09 11:40:20,847 [INFO] ApiDb:250 - Set database path to: /home/sumit/.stmcufinder/plugins/mcufinder//mcu/
2023-10-09 11:40:20,848 [WARN] DbFile:41 - Overriding database path with different value: /home/sumit/.stmcufinder/plugins/mcufinder/ => /home/sumit/.stmcufinder/plugins/mcufinder
2023-10-09 11:40:20,848 [INFO] DbMcusAds:125 - Set database path to: /home/sumit/.stmcufinder/plugins/mcufinder//mcu/
2023-10-09 11:40:20,848 [WARN] DbFile:41 - Overriding database path with different value: /home/sumit/.stmcufinder/plugins/mcufinder/ => /home/sumit/.stmcufinder/plugins/mcufinder
2023-10-09 11:40:20,849 [WARN] DbFile:41 - Overriding database path with different value: /home/sumit/.stmcufinder/plugins/mcufinder/ => /home/sumit/.stmcufinder/plugins/mcufinder
2023-10-09 11:40:20,849 [INFO] CrossReferenceDbSqlite:203 - Set database path to: /home/sumit/.stmcufinder/plugins/mcufinder//mcu/cs/
2023-10-09 11:40:21,000 [INFO] MainPanel:262 - HeapMemory: 268435456
2023-10-09 11:40:21,235 [INFO] DbMcusXml:78 - Set database path to: /opt/st/stm32cubeide_1.13.1/plugins/com.st.stm32cube.common.mx_6.9.1.202307191849//db//mcu/
2023-10-09 11:40:21,235 [INFO] ApiDb:274 - Set plugin database path to: /opt/st/stm32cubeide_1.13.1/plugins/com.st.stm32cube.common.mx_6.9.1.202307191849//db//plugins/boardmanager/
2023-10-09 11:40:21,235 [INFO] ApiDb:261 - Set plugin images path to: /opt/st/stm32cubeide_1.13.1/plugins/com.st.stm32cube.common.mx_6.9.1.202307191849//db//plugins/mcufinder/images/
2023-10-09 11:40:21,246 [WARN] DbFile:41 - Overriding database path with different value: /home/sumit/.stmcufinder/plugins/mcufinder/ => /home/sumit/.stmcufinder/plugins/mcufinder
2023-10-09 11:40:21,246 [INFO] ApiDb:250 - Set database path to: /home/sumit/.stmcufinder/plugins/mcufinder//mcu/
2023-10-09 11:40:21,246 [WARN] DbFile:41 - Overriding database path with different value: /home/sumit/.stmcufinder/plugins/mcufinder/ => /home/sumit/.stmcufinder/plugins/mcufinder
2023-10-09 11:40:21,246 [INFO] DbMcusAds:125 - Set database path to: /home/sumit/.stmcufinder/plugins/mcufinder//mcu/
2023-10-09 11:40:21,247 [WARN] DbFile:41 - Overriding database path with different value: /home/sumit/.stmcufinder/plugins/mcufinder/ => /home/sumit/.stmcufinder/plugins/mcufinder
2023-10-09 11:40:21,247 [WARN] DbFile:41 - Overriding database path with different value: /home/sumit/.stmcufinder/plugins/mcufinder/ => /home/sumit/.stmcufinder/plugins/mcufinder
2023-10-09 11:40:21,247 [INFO] CrossReferenceDbSqlite:203 - Set database path to: /home/sumit/.stmcufinder/plugins/mcufinder//mcu/cs/
2023-10-09 11:40:21,278 [INFO] ApplicationProperties:184 - Using Application install path: /opt/st/stm32cubeide_1.13.1/plugins/com.st.stm32cube.common.mx_6.9.1.202307191849
2023-10-09 11:40:21,280 [INFO] PluginManage:196 - Search for loadable plugins [exclusion list=, ]
2023-10-09 11:40:21,282 [INFO] PluginManage:310 - Check plugin analytics
2023-10-09 11:40:21,588 [INFO] AnalyticsPlugin:253 - Accepted Software Licenses: 
2023-10-09 11:40:21,589 [INFO] AnalyticsPlugin:255 - Accepted CMSIS Pack Licenses: 
2023-10-09 11:40:21,589 [INFO] AnalyticsPlugin:257 - Accepted Firmware Licenses: 
2023-10-09 11:40:21,593 [INFO] PluginManage:359 - Loaded plugin analytics (category:tool,tabindex:-1)
2023-10-09 11:40:21,594 [INFO] PluginManage:310 - Check plugin cadmodel
2023-10-09 11:40:21,762 [INFO] CADModel:105 - Init CAD model plugin
2023-10-09 11:40:21,763 [INFO] PluginManage:359 - Loaded plugin cadmodel (category:power,tabindex:5)
2023-10-09 11:40:21,763 [INFO] PluginManage:310 - Check plugin clock
2023-10-09 11:40:21,812 [INFO] PluginManage:359 - Loaded plugin clock (category:base,tabindex:2)
2023-10-09 11:40:21,812 [INFO] PluginManage:310 - Check plugin ddr
2023-10-09 11:40:21,827 [INFO] PluginManage:359 - Loaded plugin ddr (category:tool,tabindex:6)
2023-10-09 11:40:21,828 [INFO] PluginManage:310 - Check plugin filemanager
2023-10-09 11:40:22,111 [INFO] PluginManage:359 - Loaded plugin filemanager (category:base,tabindex:10)
2023-10-09 11:40:22,112 [INFO] PluginManage:310 - Check plugin ipmanager
2023-10-09 11:40:22,129 [INFO] PluginManage:359 - Loaded plugin ipmanager (category:base,tabindex:5)
2023-10-09 11:40:22,129 [INFO] PluginManage:310 - Check plugin lpbam
2023-10-09 11:40:22,185 [INFO] PluginManage:359 - Loaded plugin lpbam (category:base,tabindex:0)
2023-10-09 11:40:22,185 [INFO] PluginManage:310 - Check plugin memorymap
2023-10-09 11:40:22,231 [INFO] PluginManage:359 - Loaded plugin memorymap (category:base,tabindex:4)
2023-10-09 11:40:22,231 [INFO] PluginManage:310 - Check plugin pinoutandconfiguration
2023-10-09 11:40:22,245 [INFO] PluginManage:359 - Loaded plugin pinoutandconfiguration (category:base,tabindex:1)
2023-10-09 11:40:22,246 [INFO] PluginManage:310 - Check plugin pinoutconfig
2023-10-09 11:40:22,413 [WARN] SupportedApi:132 - Cannot load RTOS API schema: s4s-elt-must-match.1: The content of 'definitions' must match (annotation?, (simpleType | complexType)?, (unique | key | keyref)*)). A problem was found starting at: attribute.
2023-10-09 11:40:22,600 [INFO] PluginManage:359 - Loaded plugin pinoutconfig (category:base,tabindex:0)
2023-10-09 11:40:22,600 [INFO] PluginManage:310 - Check plugin power
2023-10-09 11:40:22,752 [INFO] PluginManage:359 - Loaded plugin power (category:power,tabindex:4)
2023-10-09 11:40:22,753 [INFO] PluginManage:310 - Check plugin projectmanager
2023-10-09 11:40:22,804 [INFO] PluginManage:359 - Loaded plugin projectmanager (category:projectmanager,tabindex:3)
2023-10-09 11:40:22,805 [INFO] PluginManage:310 - Check plugin thirdparty
2023-10-09 11:40:23,204 [INFO] PluginManage:359 - Loaded plugin thirdparty (category:base,tabindex:-1)
2023-10-09 11:40:23,204 [INFO] PluginManage:310 - Check plugin tools
2023-10-09 11:40:23,204 [WARN] IntegrityCheckThread:84 - waiting for thirdparty lock release [integrity check]
2023-10-09 11:40:23,205 [INFO] IntegrityCheckThread:86 - entering critical section [integrity check]
2023-10-09 11:40:23,205 [INFO] ThirdPartyUpdaterWithRetryManager:70 - Updater plugin not ready yet. [1/15]
2023-10-09 11:40:23,219 [INFO] PluginManage:359 - Loaded plugin tools (category:base,tabindex:7)
2023-10-09 11:40:23,220 [INFO] PluginManage:310 - Check plugin tutovideos
2023-10-09 11:40:23,536 [INFO] PluginManage:359 - Loaded plugin tutovideos (category:base,tabindex:-1)
2023-10-09 11:40:23,536 [INFO] PluginManage:310 - Check plugin updater
2023-10-09 11:40:23,577 [INFO] PluginManage:359 - Loaded plugin updater (category:base,tabindex:12)
2023-10-09 11:40:23,577 [INFO] PluginManage:310 - Check plugin userauth
2023-10-09 11:40:23,588 [INFO] UserAuth:113 - Init User Auth plugin
2023-10-09 11:40:23,589 [INFO] PluginManage:359 - Loaded plugin userauth (category:base,tabindex:14)
2023-10-09 11:40:23,590 [INFO] PluginManage:283 - PluginManage : Loaded plugins [17]
2023-10-09 11:40:24,259 [INFO] PinOutPanel:1499 - setPackage(No Configuration,No Configuration)
2023-10-09 11:40:24,420 [INFO] CADModel:165 - CPN selected for project level
2023-10-09 11:40:24,421 [INFO] CADModel:114 - Register for checkConnection events
2023-10-09 11:40:24,450 [INFO] IPUIPlugin:80 - create IPUIPlugin
2023-10-09 11:40:24,452 [INFO] PluginManager:220 - loadIPPluginJar : add nvic
2023-10-09 11:40:24,477 [INFO] IPUIPlugin:80 - create IPUIPlugin
2023-10-09 11:40:24,477 [INFO] PluginManager:220 - loadIPPluginJar : add stm32_wpan
2023-10-09 11:40:24,480 [INFO] IPUIPlugin:80 - create IPUIPlugin
2023-10-09 11:40:24,480 [INFO] PluginManager:220 - loadIPPluginJar : add i2c
2023-10-09 11:40:24,483 [INFO] IPUIPlugin:80 - create IPUIPlugin
2023-10-09 11:40:24,483 [INFO] PluginManager:220 - loadIPPluginJar : add hash
2023-10-09 11:40:24,485 [INFO] IPUIPlugin:80 - create IPUIPlugin
2023-10-09 11:40:24,485 [INFO] PluginManager:220 - loadIPPluginJar : add tsc
2023-10-09 11:40:24,496 [INFO] IPUIPlugin:80 - create IPUIPlugin
2023-10-09 11:40:24,496 [INFO] PluginManager:220 - loadIPPluginJar : add can
2023-10-09 11:40:24,499 [INFO] IPUIPlugin:80 - create IPUIPlugin
2023-10-09 11:40:24,500 [INFO] PluginManager:220 - loadIPPluginJar : add pdm2pcm
2023-10-09 11:40:24,520 [INFO] IPUIPlugin:80 - create IPUIPlugin
2023-10-09 11:40:24,520 [INFO] PluginManager:220 - loadIPPluginJar : add dma
2023-10-09 11:40:24,524 [INFO] IPUIPlugin:80 - create IPUIPlugin
2023-10-09 11:40:24,524 [INFO] PluginManager:220 - loadIPPluginJar : add sai
2023-10-09 11:40:24,527 [INFO] IPUIPlugin:80 - create IPUIPlugin
2023-10-09 11:40:24,527 [INFO] PluginManager:220 - loadIPPluginJar : add spi
2023-10-09 11:40:24,530 [INFO] IPUIPlugin:80 - create IPUIPlugin
2023-10-09 11:40:24,530 [INFO] PluginManager:220 - loadIPPluginJar : add usart
2023-10-09 11:40:24,536 [INFO] IPUIPlugin:80 - create IPUIPlugin
2023-10-09 11:40:24,536 [INFO] PluginManager:220 - loadIPPluginJar : add fmc
2023-10-09 11:40:24,560 [INFO] IPUIPlugin:80 - create IPUIPlugin
2023-10-09 11:40:24,560 [INFO] PluginManager:220 - loadIPPluginJar : add resmgrutility
2023-10-09 11:40:24,562 [INFO] IPUIPlugin:80 - create IPUIPlugin
2023-10-09 11:40:24,563 [INFO] PluginManager:220 - loadIPPluginJar : add quadspi
2023-10-09 11:40:24,565 [INFO] IPUIPlugin:80 - create IPUIPlugin
2023-10-09 11:40:24,565 [INFO] PluginManager:220 - loadIPPluginJar : add comp
2023-10-09 11:40:24,569 [INFO] IPUIPlugin:80 - create IPUIPlugin
2023-10-09 11:40:24,569 [INFO] PluginManager:220 - loadIPPluginJar : add gfxmmu
2023-10-09 11:40:24,572 [INFO] IPUIPlugin:80 - create IPUIPlugin
2023-10-09 11:40:24,572 [INFO] PluginManager:220 - loadIPPluginJar : add dma3
2023-10-09 11:40:24,596 [INFO] IPUIPlugin:80 - create IPUIPlugin
2023-10-09 11:40:24,596 [INFO] PluginManager:220 - loadIPPluginJar : add freertos
2023-10-09 11:40:24,599 [INFO] IPUIPlugin:80 - create IPUIPlugin
2023-10-09 11:40:24,599 [INFO] PluginManager:220 - loadIPPluginJar : add ltdc
2023-10-09 11:40:24,603 [INFO] IPUIPlugin:80 - create IPUIPlugin
2023-10-09 11:40:24,604 [INFO] PluginManager:220 - loadIPPluginJar : add dfsdm
2023-10-09 11:40:24,606 [INFO] IPUIPlugin:80 - create IPUIPlugin
2023-10-09 11:40:24,607 [INFO] PluginManager:220 - loadIPPluginJar : add genericplugin
2023-10-09 11:40:24,612 [INFO] IPUIPlugin:80 - create IPUIPlugin
2023-10-09 11:40:24,612 [INFO] PluginManager:220 - loadIPPluginJar : add openamp
2023-10-09 11:40:24,617 [INFO] IPUIPlugin:80 - create IPUIPlugin
2023-10-09 11:40:24,617 [INFO] PluginManager:220 - loadIPPluginJar : add cryp
2023-10-09 11:40:24,623 [INFO] IPUIPlugin:80 - create IPUIPlugin
2023-10-09 11:40:24,623 [INFO] PluginManager:220 - loadIPPluginJar : add gtzc
2023-10-09 11:40:24,635 [INFO] IPUIPlugin:80 - create IPUIPlugin
2023-10-09 11:40:24,635 [INFO] PluginManager:220 - loadIPPluginJar : add adc
2023-10-09 11:40:24,642 [INFO] IPUIPlugin:80 - create IPUIPlugin
2023-10-09 11:40:24,642 [INFO] PluginManager:220 - loadIPPluginJar : add touchsensing
2023-10-09 11:40:24,648 [INFO] IPUIPlugin:80 - create IPUIPlugin
2023-10-09 11:40:24,648 [INFO] PluginManager:220 - loadIPPluginJar : add usbx
2023-10-09 11:40:24,666 [INFO] IPUIPlugin:80 - create IPUIPlugin
2023-10-09 11:40:24,666 [INFO] PluginManager:220 - loadIPPluginJar : add ipddr
2023-10-09 11:40:24,690 [INFO] IPUIPlugin:80 - create IPUIPlugin
2023-10-09 11:40:24,690 [INFO] PluginManager:220 - loadIPPluginJar : add gpio
2023-10-09 11:40:24,695 [INFO] IPUIPlugin:80 - create IPUIPlugin
2023-10-09 11:40:24,695 [INFO] PluginManager:220 - loadIPPluginJar : add lorawan
2023-10-09 11:40:24,705 [INFO] IPUIPlugin:80 - create IPUIPlugin
2023-10-09 11:40:24,706 [INFO] PluginManager:220 - loadIPPluginJar : add gic
2023-10-09 11:40:24,709 [INFO] IPUIPlugin:80 - create IPUIPlugin
2023-10-09 11:40:24,710 [INFO] PluginManager:220 - loadIPPluginJar : add tim
2023-10-09 11:40:24,715 [INFO] IPUIPlugin:80 - create IPUIPlugin
2023-10-09 11:40:24,716 [INFO] PluginManager:220 - loadIPPluginJar : add i3c
2023-10-09 11:40:24,756 [INFO] IPUIPlugin:80 - create IPUIPlugin
2023-10-09 11:40:24,762 [INFO] PluginManager:220 - loadIPPluginJar : add plateformsettings
2023-10-09 11:40:24,775 [INFO] IPUIPlugin:80 - create IPUIPlugin
2023-10-09 11:40:24,776 [INFO] PluginManager:220 - loadIPPluginJar : add linkedlist
2023-10-09 11:40:24,779 [INFO] IPUIPlugin:80 - create IPUIPlugin
2023-10-09 11:40:24,780 [INFO] PluginManager:220 - loadIPPluginJar : add tracer_emb
2023-10-09 11:40:24,784 [INFO] IPUIPlugin:80 - create IPUIPlugin
2023-10-09 11:40:24,784 [INFO] PluginManager:220 - loadIPPluginJar : add ts
2023-10-09 11:40:24,788 [INFO] IPUIPlugin:80 - create IPUIPlugin
2023-10-09 11:40:24,788 [INFO] PluginManager:220 - loadIPPluginJar : add ucpd
2023-10-09 11:40:24,793 [INFO] IPUIPlugin:80 - create IPUIPlugin
2023-10-09 11:40:24,793 [INFO] PluginManager:220 - loadIPPluginJar : add i2s
2023-10-09 11:40:24,815 [INFO] IPUIPlugin:80 - create IPUIPlugin
2023-10-09 11:40:24,815 [INFO] PluginManager:220 - loadIPPluginJar : add mdma
2023-10-09 11:40:24,821 [INFO] IPUIPlugin:80 - create IPUIPlugin
2023-10-09 11:40:24,821 [INFO] PluginManager:220 - loadIPPluginJar : add opamp
2023-10-09 11:40:24,824 [INFO] IPUIPlugin:80 - create IPUIPlugin
2023-10-09 11:40:24,824 [INFO] PluginManager:220 - loadIPPluginJar : add fatfs
2023-10-09 11:40:24,828 [INFO] IPUIPlugin:80 - create IPUIPlugin
2023-10-09 11:40:24,829 [INFO] PluginManager:220 - loadIPPluginJar : add aes
2023-10-09 11:40:24,940 [INFO] CADModel:165 - CPN selected for project level
2023-10-09 11:40:24,940 [INFO] CADModel:114 - Register for checkConnection events
2023-10-09 11:40:24,940 [FATAL] Updater:308 - Updater called before beeing initialized
2023-10-09 11:40:24,941 [ERROR] CADModel:125 - Updater not yet initialized, retry later 
2023-10-09 11:40:25,171 [INFO] CADModel:165 - CPN selected for project level
2023-10-09 11:40:25,171 [INFO] CADModel:114 - Register for checkConnection events
2023-10-09 11:40:25,171 [FATAL] Updater:308 - Updater called before beeing initialized
2023-10-09 11:40:25,171 [ERROR] CADModel:125 - Updater not yet initialized, retry later 
2023-10-09 11:40:25,175 [FATAL] Updater:308 - Updater called before beeing initialized
2023-10-09 11:40:25,289 [FATAL] Updater:308 - Updater called before beeing initialized
2023-10-09 11:40:25,309 [INFO] DbMcusAds:53 - JSON generation date=Tue Mar 07 14:20:55 IST 2023 (1678179055114)
2023-10-09 11:40:25,309 [FATAL] Updater:308 - Updater called before beeing initialized
2023-10-09 11:40:25,428 [WARN] DetailPanel:346 - Failed to get advertising image, set to default
2023-10-09 11:40:25,519 [FATAL] Updater:308 - Updater called before beeing initialized
2023-10-09 11:40:25,541 [FATAL] Updater:308 - Updater called before beeing initialized
2023-10-09 11:40:25,541 [FATAL] Updater:308 - Updater called before beeing initialized
2023-10-09 11:40:25,541 [WARN] DetailPanel:346 - Failed to get advertising image, set to default
2023-10-09 11:40:25,542 [FATAL] Updater:308 - Updater called before beeing initialized
2023-10-09 11:40:25,590 [ERROR] Updater:1120 - MainUpdater not yet initialized. External WinMGr cannot be set.
2023-10-09 11:40:25,604 [INFO] Updater:1056 - Updater Version found : 6.9.1
2023-10-09 11:40:25,631 [INFO] ApplicationProperties:184 - Using Application install path: /opt/st/stm32cubeide_1.13.1/plugins/com.st.stm32cube.common.mx_6.9.1.202307191849
2023-10-09 11:40:25,978 [INFO] MainUpdater:2868 - connection check result : 10
2023-10-09 11:40:25,979 [INFO] MainUpdater:285 - Updater Check For Update Now.
2023-10-09 11:40:25,979 [INFO] MicroXplorer:498 - Change Database Version : DB.6.0.91
2023-10-09 11:40:25,989 [INFO] McuFinderGlobals:63 - Set McuFinder mode to 2 (CubeIDE integrated)
2023-10-09 11:40:26,206 [WARN] MainUpdater:1189 - Updater busy. Cannot search thirdparties
2023-10-09 11:40:26,207 [INFO] ThirdPartyUpdaterWithRetryManager:96 - Updater plugin is busy. [1/15]
2023-10-09 11:40:26,323 [INFO] CheckServerUpdateThread:120 - End of CheckServer Thread
2023-10-09 11:40:29,718 [WARN] PackLoader:240 - Cannot read IP mode file for STMicroelectronics.X-CUBE-SMBUS.2.1.0
2023-10-09 11:40:29,804 [WARN] PackLoader:240 - Cannot read IP mode file for STMicroelectronics.X-CUBE-AZRTOS-F7.1.1.0
2023-10-09 11:40:29,835 [WARN] PackLoader:240 - Cannot read IP mode file for STMicroelectronics.FP-SNS-MOTENV1.4.3.2
2023-10-09 11:40:29,859 [WARN] PackLoader:240 - Cannot read IP mode file for STMicroelectronics.FP-SNS-FLIGHT1.5.0.2
2023-10-09 11:40:29,896 [WARN] PackLoader:240 - Cannot read IP mode file for STMicroelectronics.X-CUBE-DISPLAY.3.0.0
2023-10-09 11:40:29,985 [WARN] PackLoader:240 - Cannot read IP mode file for STMicroelectronics.X-CUBE-BLE1.7.0.0
2023-10-09 11:40:30,012 [WARN] PackLoader:240 - Cannot read IP mode file for emotas.I-CUBE-CANOPEN.1.3.0
2023-10-09 11:40:30,020 [WARN] PackLoader:240 - Cannot read IP mode file for STMicroelectronics.X-CUBE-TOUCHGFX.4.22.0
2023-10-09 11:40:30,031 [WARN] PackLoader:240 - Cannot read IP mode file for STMicroelectronics.X-CUBE-TOUCHGFX.4.22.1
2023-10-09 11:40:30,050 [WARN] PackLoader:240 - Cannot read IP mode file for STMicroelectronics.FP-SNS-SMARTAG2.1.2.0
2023-10-09 11:40:30,081 [INFO] LogOutputStream:77 - [STDOUT_REDIRECT] 1 : Invalid condition id : UX_CORESTACK_Condition cause : null
2023-10-09 11:40:30,083 [INFO] LogOutputStream:77 - [STDOUT_REDIRECT] 1 : Invalid condition id : UX_CORESTACK_Condition cause : null
2023-10-09 11:40:30,083 [INFO] LogOutputStream:77 - [STDOUT_REDIRECT] 1 : Invalid condition id : UX_CORESTACK_Condition cause : null
2023-10-09 11:40:30,084 [INFO] LogOutputStream:77 - [STDOUT_REDIRECT] 1 : Invalid condition id : UX_CORESTACK_Condition cause : null
2023-10-09 11:40:30,084 [INFO] LogOutputStream:77 - [STDOUT_REDIRECT] 1 : Invalid condition id : UX_CORESTACK_Condition cause : null
2023-10-09 11:40:30,090 [WARN] PackLoader:240 - Cannot read IP mode file for STMicroelectronics.X-CUBE-AZRTOS-WL.2.0.0
2023-10-09 11:40:30,270 [WARN] PackLoader:240 - Cannot read IP mode file for WES.I-CUBE-Cesium.1.3.0
2023-10-09 11:40:30,294 [WARN] PackLoader:240 - Cannot read IP mode file for STMicroelectronics.X-CUBE-BLE2.3.3.0
2023-10-09 11:40:30,312 [WARN] PackLoader:240 - Cannot read IP mode file for STMicroelectronics.X-CUBE-ALGOBUILD.1.3.0
2023-10-09 11:40:30,375 [WARN] PackLoader:240 - Cannot read IP mode file for STMicroelectronics.X-CUBE-AZRTOS-G0.1.1.0
2023-10-09 11:40:30,543 [WARN] PackLoader:240 - Cannot read IP mode file for STMicroelectronics.X-CUBE-NFC4.3.0.0
2023-10-09 11:40:30,571 [WARN] PackLoader:240 - Cannot read IP mode file for STMicroelectronics.FP-ATR-SIGFOX1.3.2.0
2023-10-09 11:40:30,639 [WARN] PackLoader:240 - Cannot read IP mode file for SEGGER.I-CUBE-embOS.1.3.1
2023-10-09 11:40:30,745 [WARN] PackLoader:240 - Cannot read IP mode file for STMicroelectronics.X-CUBE-GNSS1.6.0.0
2023-10-09 11:40:30,775 [WARN] PackLoader:240 - Cannot read IP mode file for STMicroelectronics.X-CUBE-AZRTOS-F4.1.1.0
2023-10-09 11:40:30,790 [WARN] PackLoader:240 - Cannot read IP mode file for wolfSSL.I-CUBE-wolfSSL.5.6.3
2023-10-09 11:40:30,834 [WARN] PackLoader:240 - Cannot read IP mode file for STMicroelectronics.X-CUBE-AZRTOS-L5.2.0.0
2023-10-09 11:40:30,924 [WARN] PackLoader:240 - Cannot read IP mode file for STMicroelectronics.X-CUBE-MEMS1.9.6.0
2023-10-09 11:40:31,562 [WARN] PackLoader:240 - Cannot read IP mode file for ITTIA_DB.I-CUBE-ITTIADB.8.8.0
2023-10-09 11:40:31,581 [WARN] PackLoader:240 - Cannot read IP mode file for STMicroelectronics.X-CUBE-BLEMGR.2.0.0
2023-10-09 11:40:31,653 [WARN] ConditionMgr:438 - getConditionDescription Invalid condition id : UX DEVICE CLASS RTOS Condition cause : null
2023-10-09 11:40:31,654 [WARN] ConditionMgr:438 - getConditionDescription Invalid condition id : UX DEVICE CLASS RTOS Condition cause : null
2023-10-09 11:40:31,661 [WARN] PackLoader:240 - Cannot read IP mode file for STMicroelectronics.X-CUBE-AZRTOS-H7.3.1.0
2023-10-09 11:40:31,664 [WARN] ConditionMgr:1039 - genDependencies : Invalid condition id : UX DEVICE CLASS RTOS Condition cause : null
2023-10-09 11:40:31,664 [WARN] ConditionMgr:1039 - genDependencies : Invalid condition id : UX DEVICE CLASS RTOS Condition cause : null
2023-10-09 11:40:31,666 [WARN] ConditionMgr:1039 - genDependencies : Invalid condition id : UX DEVICE CLASS RTOS Condition cause : null
2023-10-09 11:40:31,668 [WARN] ConditionMgr:1039 - genDependencies : Invalid condition id : UX DEVICE CLASS RTOS Condition cause : null
2023-10-09 11:40:31,669 [WARN] ConditionMgr:1039 - genDependencies : Invalid condition id : UX DEVICE CLASS RTOS Condition cause : null
2023-10-09 11:40:31,792 [WARN] PackLoader:240 - Cannot read IP mode file for STMicroelectronics.X-CUBE-NFC7.1.0.1
2023-10-09 11:40:31,893 [WARN] PackLoader:240 - Cannot read IP mode file for STMicroelectronics.X-CUBE-NFC6.3.0.0
2023-10-09 11:40:31,955 [WARN] PackLoader:240 - Cannot read IP mode file for STMicroelectronics.X-CUBE-EEPRMA1.4.1.0
2023-10-09 11:40:31,978 [WARN] PackLoader:240 - Cannot read IP mode file for STMicroelectronics.X-CUBE-AI.8.1.0
2023-10-09 11:40:32,041 [WARN] ConditionMgr:438 - getConditionDescription Invalid condition id : LAN8742 Phy interface Condition cause : null
2023-10-09 11:40:32,042 [WARN] PackLoader:240 - Cannot read IP mode file for STMicroelectronics.X-CUBE-AZRTOS-L4.2.0.0
2023-10-09 11:40:32,046 [WARN] ConditionMgr:1039 - genDependencies : Invalid condition id : LAN8742 Phy interface Condition cause : null
2023-10-09 11:40:32,048 [WARN] ConditionMgr:1039 - genDependencies : Invalid condition id : LAN8742 Phy interface Condition cause : null
2023-10-09 11:40:32,051 [WARN] ConditionMgr:1039 - genDependencies : Invalid condition id : LAN8742 Phy interface Condition cause : null
2023-10-09 11:40:32,083 [WARN] PackLoader:240 - Cannot read IP mode file for STMicroelectronics.X-CUBE-SFXS2LP1.4.0.0
2023-10-09 11:40:32,095 [WARN] PackLoader:240 - Cannot read IP mode file for STMicroelectronics.X-CUBE-ISPU.1.1.0
2023-10-09 11:40:32,124 [WARN] ConditionMgr:438 - getConditionDescription Invalid condition id : UX DEVICE CLASS RTOS Condition cause : null
2023-10-09 11:40:32,124 [WARN] ConditionMgr:438 - getConditionDescription Invalid condition id : UX DEVICE CLASS RTOS Condition cause : null
2023-10-09 11:40:32,129 [WARN] PackLoader:240 - Cannot read IP mode file for STMicroelectronics.X-CUBE-AZRTOS-WB.2.0.0
2023-10-09 11:40:32,131 [WARN] ConditionMgr:1039 - genDependencies : Invalid condition id : UX DEVICE CLASS RTOS Condition cause : null
2023-10-09 11:40:32,132 [WARN] ConditionMgr:1039 - genDependencies : Invalid condition id : UX DEVICE CLASS RTOS Condition cause : null
2023-10-09 11:40:32,133 [WARN] ConditionMgr:1039 - genDependencies : Invalid condition id : UX DEVICE CLASS RTOS Condition cause : null
2023-10-09 11:40:32,134 [WARN] ConditionMgr:1039 - genDependencies : Invalid condition id : UX DEVICE CLASS RTOS Condition cause : null
2023-10-09 11:40:32,134 [WARN] ConditionMgr:1039 - genDependencies : Invalid condition id : UX DEVICE CLASS RTOS Condition cause : null
2023-10-09 11:40:32,179 [WARN] PackLoader:240 - Cannot read IP mode file for STMicroelectronics.X-CUBE-SUBG2.5.0.0
2023-10-09 11:40:32,215 [WARN] PackLoader:240 - Cannot read IP mode file for STMicroelectronics.X-CUBE-TOF1.3.3.1
2023-10-09 11:40:32,301 [WARN] PackLoader:240 - Cannot read IP mode file for STMicroelectronics.X-CUBE-AZRTOS-G4.2.0.0
2023-10-09 11:40:32,325 [WARN] PackLoader:240 - Cannot read IP mode file for STMicroelectronics.X-CUBE-FREERTOS.1.1.0
2023-10-09 11:40:32,346 [WARN] PackLoader:240 - Cannot read IP mode file for portGmbH.I-Cube-SoM-uGOAL.1.1.0
2023-10-09 11:40:32,365 [WARN] PackLoader:240 - Cannot read IP mode file for STMicroelectronics.X-CUBE-ALS.1.0.1
2023-10-09 11:40:32,370 [WARN] PackLoader:240 - Cannot read IP mode file for STMicroelectronics.FP-ATR-ASTRA1.2.0.0
2023-10-09 11:40:32,372 [INFO] ThirdParty:978 - Integrity check success = true
2023-10-09 11:40:32,372 [INFO] IntegrityCheckThread:100 - exiting critical section [integrity check]
2023-10-09 11:40:32,372 [INFO] IntegrityCheckThread:103 - End integrity checks thread
2023-10-09 11:40:47,321 [ERROR] LogOutputStream:75 - [STDERR_REDIRECT] SLF4J: Failed to load class "org.slf4j.impl.StaticLoggerBinder".
2023-10-09 11:40:47,322 [ERROR] LogOutputStream:75 - [STDERR_REDIRECT] SLF4J: Defaulting to no-operation (NOP) logger implementation
2023-10-09 11:40:47,322 [ERROR] LogOutputStream:75 - [STDERR_REDIRECT] SLF4J: See http://www.slf4j.org/codes.html#StaticLoggerBinder for further details.
2023-10-09 17:09:06,166 [ERROR] ConfigurationRetriever:142 - IOException on connection: Read timed out
2023-10-09 18:15:21,467 [INFO] McuFinderGlobals:63 - Set McuFinder mode to 2 (CubeIDE integrated)
2023-10-09 18:15:26,990 [INFO] MainUpdater:2868 - connection check result : 10
2023-10-09 18:15:26,994 [INFO] MainUpdater:2868 - connection check result : 10
2023-10-09 18:15:27,379 [INFO] MicroXplorer:468 - Change Database Path : 
2023-10-09 18:15:27,380 [INFO] MicroXplorer:498 - Change Database Version : DB.6.0.91
2023-10-09 18:15:27,398 [WARN] ThirdParty:871 - waiting for thirdparty lock release [close project]
2023-10-09 18:15:27,398 [INFO] ThirdParty:873 - entering critical section [close project]
2023-10-09 18:15:27,552 [INFO] ThirdParty:883 - exiting critical section [close project]
2023-10-09 18:15:27,580 [INFO] PinOutPanel:1499 - setPackage(No Configuration,No Configuration)
2023-10-09 18:15:27,624 [INFO] UtilMem:75 - Begin LoadConfig() Used Memory: 184578160 Bytes (507510784)
2023-10-09 18:15:27,642 [INFO] MicroXplorer:468 - Change Database Path : 
2023-10-09 18:15:27,642 [INFO] MicroXplorer:498 - Change Database Version : DB.6.0.91
2023-10-09 18:15:27,642 [INFO] OpenFileManager:308 - Change cursor
2023-10-09 18:15:28,128 [INFO] Mcu:1946 - Initializing MCU STM32F334C(4-6-8)Tx STM32F334C8Tx STM32F334C8T6
2023-10-09 18:15:31,274 [INFO] Context:659 - Trying to add GPIOservice into a context  which must be forbidden
2023-10-09 18:15:34,465 [INFO] RtosManager:555 - Registered RTOS mode: class=CMSIS, group=RTOS, mode=CMSIS_V1, owner=FREERTOS
2023-10-09 18:15:34,465 [INFO] RtosManager:555 - Registered RTOS mode: class=CMSIS, group=RTOS2, mode=CMSIS_V2, owner=FREERTOS
2023-10-09 18:15:34,465 [INFO] RtosManager:555 - Registered RTOS mode: class=RTOS, group=Core, mode=CMSIS_V1, owner=FREERTOS
2023-10-09 18:15:34,465 [INFO] RtosManager:555 - Registered RTOS mode: class=RTOS, group=Core, mode=CMSIS_V2, owner=FREERTOS
2023-10-09 18:15:34,465 [WARN] ModelIntegratedComponent:184 - Missing modes for component STMicroelectronics:FreeRTOS:0.0.1:STMicroelectronics:RTOS:FreeRTOS:Core:::10.2.0:
2023-10-09 18:15:34,477 [WARN] ModelIntegratedComponent:63 - No mode defined for component null
2023-10-09 18:15:34,477 [WARN] ModelIntegratedComponent:63 - No mode defined for component null
2023-10-09 18:15:34,477 [WARN] ModelIntegratedComponent:63 - No mode defined for component null
2023-10-09 18:15:34,477 [WARN] ModelIntegratedComponent:63 - No mode defined for component null
2023-10-09 18:15:34,477 [WARN] ModelIntegratedComponent:63 - No mode defined for component null
2023-10-09 18:15:34,477 [WARN] ModelIntegratedComponent:63 - No mode defined for component null
2023-10-09 18:15:34,478 [WARN] ModelIntegratedComponent:63 - No mode defined for component null
2023-10-09 18:15:34,478 [WARN] ModelIntegratedComponent:63 - No mode defined for component null
2023-10-09 18:15:34,478 [WARN] ModelIntegratedComponent:63 - No mode defined for component null
2023-10-09 18:15:34,478 [WARN] ModelIntegratedComponent:63 - No mode defined for component null
2023-10-09 18:15:34,478 [WARN] ModelIntegratedComponent:63 - No mode defined for component null
2023-10-09 18:15:34,478 [WARN] ModelIntegratedComponent:63 - No mode defined for component null
2023-10-09 18:15:34,478 [WARN] ModelIntegratedComponent:63 - No mode defined for component null
2023-10-09 18:15:34,478 [WARN] ModelIntegratedComponent:63 - No mode defined for component null
2023-10-09 18:15:34,478 [WARN] ModelIntegratedComponent:63 - No mode defined for component null
2023-10-09 18:15:34,478 [WARN] ModelIntegratedComponent:63 - No mode defined for component null
2023-10-09 18:15:34,478 [WARN] ModelIntegratedComponent:63 - No mode defined for component null
2023-10-09 18:15:34,478 [WARN] ModelIntegratedComponent:63 - No mode defined for component null
2023-10-09 18:15:34,478 [WARN] ModelIntegratedComponent:63 - No mode defined for component null
2023-10-09 18:15:34,478 [WARN] ModelIntegratedComponent:63 - No mode defined for component null
2023-10-09 18:15:34,478 [WARN] ModelIntegratedComponent:63 - No mode defined for component null
2023-10-09 18:15:34,479 [WARN] ModelIntegratedComponent:63 - No mode defined for component null
2023-10-09 18:15:34,479 [WARN] ModelIntegratedComponent:63 - No mode defined for component null
2023-10-09 18:15:34,479 [WARN] ModelIntegratedComponent:63 - No mode defined for component null
2023-10-09 18:15:34,479 [WARN] ModelIntegratedComponent:63 - No mode defined for component null
2023-10-09 18:15:34,479 [WARN] ModelIntegratedComponent:63 - No mode defined for component null
2023-10-09 18:15:34,479 [WARN] ModelIntegratedComponent:63 - No mode defined for component null
2023-10-09 18:15:34,479 [WARN] ModelIntegratedComponent:63 - No mode defined for component null
2023-10-09 18:15:34,479 [WARN] ModelIntegratedComponent:63 - No mode defined for component null
2023-10-09 18:15:34,479 [WARN] ModelIntegratedComponent:63 - No mode defined for component null
2023-10-09 18:15:34,479 [WARN] ModelIntegratedComponent:63 - No mode defined for component null
2023-10-09 18:15:34,479 [WARN] ModelIntegratedComponent:63 - No mode defined for component null
2023-10-09 18:15:34,479 [WARN] ModelIntegratedComponent:63 - No mode defined for component null
2023-10-09 18:15:34,507 [INFO] ThirdPartyModel:298 - Start build external matchings
2023-10-09 18:15:34,787 [INFO] ThirdPartyModel:316 - End build external matchings
2023-10-09 18:15:34,800 [INFO] RtosManager:919 - Current active RTOS is FREERTOS [Cortex-M4NS]
2023-10-09 18:15:35,141 [INFO] UtilMem:75 - End LoadConfig() Used Memory: 162127368 Bytes (507510784)
2023-10-09 18:15:35,325 [INFO] ApiDb:581 - Connected to CubeFinder SQLite database (/home/sumit/.stmcufinder/plugins/mcufinder/mcu/cube-finder-db.db)
2023-10-09 18:15:35,520 [INFO] ApiDb:668 - CubeFinder database Data Model version=2.1
2023-10-09 18:15:35,520 [INFO] ApiDb:669 - CubeFinder database Configuration version=3.0.37
2023-10-09 18:15:35,522 [INFO] ApiDb:670 - CubeFinder database generation date=2023-08-09 (1691586011)
2023-10-09 18:15:35,522 [INFO] ApiDb:671 - CubeFinder database FW Pack versions=[FP-ATR-ASTRA1_V2.0.0, FP-SNS-FLIGHT1_V5.0.1, FP-SNS-FLIGHT1_V5.0.2, FP-SNS-MOTENV1_V4.3.1, FP-SNS-MOTENV1_V4.3.2, STM32Cube_FW_C0_V1.1.0, STM32Cube_FW_F4_V1.27.1, STM32Cube_FW_F7_V1.17.0, STM32Cube_FW_G0_V1.6.1, STM32Cube_FW_G4_V1.5.1, STM32Cube_FW_H5_V0.5.1, STM32Cube_FW_H5_V1.1.0, STM32Cube_FW_H7_V1.11.0, STM32Cube_FW_L0_V1.12.2, STM32Cube_FW_L5_V1.5.0, STM32Cube_FW_U5_V1.3.0, STM32Cube_FW_U5_V1.3.0RC4, STM32Cube_FW_WBA_V1.0.0RC1, STM32Cube_FW_WBA_V1.1.0, STM32Cube_FW_WBA_V1.1.0RC1, STM32Cube_FW_WB_V1.15.0RC1, STM32Cube_FW_WB_V1.16.0, STM32Cube_FW_WB_V1.16.0RC2, STM32Cube_FW_WB_V1.17.0, STM32Cube_FW_WL_V1.3.0, X-CUBE-ALGOBUILD_V1.3.0, X-CUBE-ALS_V1.0.1, X-CUBE-AZRTOS-F4_V1.1.0, X-CUBE-AZRTOS-F7_V1.1.0, X-CUBE-AZRTOS-G0_V1.1.0, X-CUBE-AZRTOS-G4_V2.0.0, X-CUBE-AZRTOS-H7_V3.1.0, X-CUBE-AZRTOS-L4_V1.0.0, X-CUBE-AZRTOS-L4_V2.0.0, X-CUBE-AZRTOS-L5_V1.1.0, X-CUBE-AZRTOS-WB_V1.1.0, X-CUBE-AZRTOS-WL_V2.0.0, X-CUBE-BLE1_V7.0.0, X-CUBE-BLE2_V3.3.0, X-CUBE-BLEMGR_V2.0.0, X-CUBE-EEPRMA1_V4.1.0, X-CUBE-FREERTOS_V1.1.0, X-CUBE-GNSS1_V6.0.0, X-CUBE-MEMS1_V9.1.0, X-CUBE-MEMS1_V9.4.0, X-CUBE-MEMS1_V9.6.0, X-CUBE-NFC4_V3.0.0, X-CUBE-NFC7_V1.0.0, X-CUBE-SFXS2LP1_V4.0.0, X-CUBE-SUBG2_V5.0.0, X-CUBE-TOF1_V3.3.1]
2023-10-09 18:15:38,428 [INFO] ApiDb:240 - Found 323 in-development CPN: [B-G473E-ZEST1S, B-WB1M-WPAN1, B-WL5M-SUBG1, NUCLEO-C031C6, NUCLEO-H503RB, NUCLEO-H563ZI, NUCLEO-U545RE-Q, NUCLEO-U5A5ZJ-Q, NUCLEO-WBA52CG, STEVAL-PROTEUS1, STEVAL-SMARTAG2, STEVAL-STWINBX1, STM320518-EVAL, STM32C0116-DK, STM32C011D6Y3TR, STM32C011D6Y6TR, STM32C011F4P3, STM32C011F4P6, STM32C011F4U3, STM32C011F4U6TR, STM32C011F6P3, STM32C011F6P6, STM32C011F6U3, STM32C011F6U6TR, STM32C011J4M3, STM32C011J4M6, STM32C011J6M3, STM32C011J6M6, STM32C0316-DK, STM32C031C4T3, STM32C031C4T6, STM32C031C4U3, STM32C031C4U6, STM32C031C6T3, STM32C031C6T6, STM32C031C6U3, STM32C031C6U6, STM32C031F4P3, STM32C031F4P6, STM32C031F6P3, STM32C031F6P6, STM32C031G4U3, STM32C031G4U6, STM32C031G6U3, STM32C031G6U6, STM32C031K4T3, STM32C031K4T6, STM32C031K4U3, STM32C031K4U6, STM32C031K6T3, STM32C031K6T6, STM32C031K6U3, STM32C031K6U6, STM32G071K8TXN, STM32G071K8UXN, STM32G081GBU6N, STM32G081KBT6N, STM32G081KBUXN, STM32G0B1CCT6N, STM32G0B1KCT6, STM32G0B1NEY6TR, STM32G0B1RCT6N, STM32G0C1CCT6, STM32G0C1CCT6N, STM32G0C1CCU6N, STM32G0C1CET6N, STM32G0C1CEU6N, STM32G0C1KCT6, STM32G0C1NEY6TR, STM32G0C1RCI6N, STM32G0C1RCT6N, STM32G0C1REI6N, STM32G0C1RET6N, STM32G0C1VCI6, STM32G0C1VEI6, STM32G471CCT6, STM32G471CCU6, STM32G471CET3, STM32G471CET6, STM32G471CEU3, STM32G471CEU6, STM32G471MCT6, STM32G471MET3, STM32G471MET6, STM32G471MEY6TR, STM32G471QCT6, STM32G471QET3, STM32G471RCT6, STM32G471RET3, STM32G471RET6, STM32G471VCH6, STM32G471VCI6, STM32G471VCT6, STM32G471VEH3, STM32G471VEH6, STM32G471VEI3, STM32G471VEI6, STM32G471VET3, STM32G471VET6, STM32G474CCT6, STM32H503CBT6, STM32H503CBU6, STM32H503EBY6TR, STM32H503KBU6, STM32H503RBT6, STM32H562AGI6, STM32H562AII6, STM32H562IGK6, STM32H562IGT6, STM32H562IIK6, STM32H562IIT6, STM32H562RGT6, STM32H562RGV6, STM32H562RIT6, STM32H562RIV6, STM32H562VGT6, STM32H562VIT6, STM32H562ZGT6, STM32H562ZIT6, STM32H563AGI6, STM32H563AII3Q, STM32H563AII6, STM32H563IGK6, STM32H563IGT6, STM32H563IIK3Q, STM32H563IIK6, STM32H563IIT3Q, STM32H563IIT6, STM32H563MIY3QTR, STM32H563RGT6, STM32H563RGV6, STM32H563RIT6, STM32H563RIV6, STM32H563VGT6, STM32H563VIT3Q, STM32H563VIT6, STM32H563ZGT6, STM32H563ZIT3Q, STM32H563ZIT6, STM32H573AII3Q, STM32H573AII6, STM32H573I-DK, STM32H573IIK3Q, STM32H573IIK6, STM32H573IIT3Q, STM32H573IIT6, STM32H573MIY3QTR, STM32H573RIT6, STM32H573RIV6, STM32H573VIT3Q, STM32H573VIT6, STM32H573ZIT3Q, STM32H573ZIT6, STM32L4R5QGI6STR, STM32MP131AAE3, STM32MP131AAF3, STM32MP131AAG3, STM32MP131CAE3, STM32MP131CAF3, STM32MP131CAG3, STM32MP131DAE7, STM32MP131DAF7, STM32MP131DAG7, STM32MP131FAE7, STM32MP131FAF7, STM32MP131FAG7, STM32MP133AAE3, STM32MP133AAF3, STM32MP133AAG3, STM32MP133CAE3, STM32MP133CAF3, STM32MP133CAG3, STM32MP133DAE7, STM32MP133DAF7, STM32MP133DAG7, STM32MP133FAE7, STM32MP133FAF7, STM32MP133FAG7, STM32MP135AAE3, STM32MP135AAF3, STM32MP135AAG3, STM32MP135CAE3, STM32MP135CAF3, STM32MP135CAG3, STM32MP135DAE7, STM32MP135DAF7, STM32MP135DAG7, STM32MP135F-DK, STM32MP135FAE7, STM32MP135FAF7, STM32MP135FAF7T, STM32MP135FAF7U, STM32MP135FAG7, STM32U535CBT6, STM32U535CBT6Q, STM32U535CBU6, STM32U535CBU6Q, STM32U535CCT6, STM32U535CCT6Q, STM32U535CCU6, STM32U535CCU6Q, STM32U535CET6, STM32U535CET6Q, STM32U535CEU6, STM32U535CEU6Q, STM32U535JEY6QTR, STM32U535NCY6QTR, STM32U535NEY6QTR, STM32U535RBI6, STM32U535RBI6Q, STM32U535RBT6, STM32U535RBT6Q, STM32U535RCI6, STM32U535RCI6Q, STM32U535RCT6, STM32U535RCT6Q, STM32U535REI6, STM32U535REI6Q, STM32U535RET6, STM32U535RET6Q, STM32U535VCI6, STM32U535VCI6Q, STM32U535VCT6, STM32U535VCT6Q, STM32U535VEI6, STM32U535VEI6Q, STM32U535VET6, STM32U535VET6Q, STM32U545CET6, STM32U545CET6Q, STM32U545CEU6, STM32U545CEU6Q, STM32U545JEY6QTR, STM32U545NEY6QTR, STM32U545REI6, STM32U545REI6Q, STM32U545RET6, STM32U545RET6Q, STM32U545VEI6, STM32U545VEI6Q, STM32U545VET6, STM32U545VET6Q, STM32U595AIH6, STM32U595AIH6Q, STM32U595AJH6, STM32U595AJH6Q, STM32U595QII6, STM32U595QII6Q, STM32U595QJI6, STM32U595QJI6Q, STM32U595RIT6, STM32U595RIT6Q, STM32U595RJT6, STM32U595RJT6Q, STM32U595VIT6, STM32U595VIT6Q, STM32U595VJT6, STM32U595VJT6Q, STM32U595ZIT6, STM32U595ZIT6Q, STM32U595ZIY6QTR, STM32U595ZJT6, STM32U595ZJT6Q, STM32U595ZJY6QTR, STM32U599BJY6QTR, STM32U599NIH6Q, STM32U599NJH6Q, STM32U599VIT6Q, STM32U599VJT6, STM32U599VJT6Q, STM32U599ZIT6Q, STM32U599ZIY6QTR, STM32U599ZJT6Q, STM32U599ZJY6QTR, STM32U5A5AJH6, STM32U5A5AJH6Q, STM32U5A5QJI6, STM32U5A5QJI6Q, STM32U5A5RJT6, STM32U5A5RJT6Q, STM32U5A5VJT6, STM32U5A5VJT6Q, STM32U5A5ZJT6, STM32U5A5ZJT6Q, STM32U5A5ZJY6QTR, STM32U5A9BJY6QTR, STM32U5A9J-DK, STM32U5A9NJH6Q, STM32U5A9VJT6Q, STM32U5A9ZJT6Q, STM32U5A9ZJY6QTR, STM32U5F7VIT6, STM32U5F7VIT6Q, STM32U5F7VJT6, STM32U5F7VJT6Q, STM32U5F9BJY6QTR, STM32U5F9NJH6Q, STM32U5F9VIT6Q, STM32U5F9VJT6Q, STM32U5F9ZIJ6QTR, STM32U5F9ZIT6Q, STM32U5F9ZJJ6QTR, STM32U5F9ZJT6Q, STM32U5G7VJT6, STM32U5G7VJT6Q, STM32U5G9BJY6QTR, STM32U5G9J-DK1, STM32U5G9J-DK2, STM32U5G9NJH6Q, STM32U5G9VJT6Q, STM32U5G9ZJJ6QTR, STM32U5G9ZJT6Q, STM32WB1MMCH6, STM32WBA52CEU6, STM32WBA52CEU6T, STM32WBA52CGU6, STM32WBA52CGU6T, STM32WBA52KEU6, STM32WBA52KEU6T, STM32WBA52KGU6, STM32WBA52KGU6T, STM32WL5MOCH6, STM32WL5MOCH6TR]
2023-10-09 18:15:38,435 [INFO] DbMcus:217 - Found 3848 MCUs, 3848 are supported
2023-10-09 18:15:38,437 [INFO] ApiDb:423 - Load user favorites file /home/sumit/.stm32cubeide/favorites.mcus.txt: 0 item(s)
2023-10-09 18:15:38,437 [INFO] ApiDb:427 - User favorites MCUs=[]
2023-10-09 18:15:38,437 [INFO] DbMcus:223 - Set 0 / 0 favorites MCUs
2023-10-09 18:15:39,035 [WARN] ThirdParty:833 - waiting for thirdparty lock release [change project]
2023-10-09 18:15:39,035 [INFO] ThirdParty:835 - entering critical section [change project]
2023-10-09 18:15:39,035 [INFO] ThirdParty:1030 - CMSIS Pack Vendor :STMicroelectronics X-CUBE-ISPU 1.1.0
2023-10-09 18:15:39,035 [INFO] ThirdParty:1030 - CMSIS Pack Vendor :STMicroelectronics USBPD 4.1
2023-10-09 18:15:39,035 [INFO] ThirdParty:1030 - CMSIS Pack Vendor :STMicroelectronics X-CUBE-GNSS1 6.0.0
2023-10-09 18:15:39,036 [INFO] ThirdParty:1030 - CMSIS Pack Vendor :STMicroelectronics USB_HOST 2.0.0
2023-10-09 18:15:39,036 [INFO] ThirdParty:1030 - CMSIS Pack Vendor :STMicroelectronics X-CUBE-AZRTOS-F4 1.1.0
2023-10-09 18:15:39,036 [INFO] ThirdParty:1030 - CMSIS Pack Vendor :STMicroelectronics LIBJPEG 8.0.0
2023-10-09 18:15:39,036 [INFO] ThirdParty:1030 - CMSIS Pack Vendor :wolfSSL I-CUBE-wolfSSL 5.6.3
2023-10-09 18:15:39,036 [INFO] ThirdParty:1030 - CMSIS Pack Vendor :STMicroelectronics X-CUBE-SMBUS 2.1.0
2023-10-09 18:15:39,036 [INFO] ThirdParty:1030 - CMSIS Pack Vendor :STMicroelectronics USB_DEVICE 3.0.0
2023-10-09 18:15:39,036 [INFO] ThirdParty:1030 - CMSIS Pack Vendor :STMicroelectronics X-CUBE-AZRTOS-WB 2.0.0
2023-10-09 18:15:39,036 [INFO] ThirdParty:1030 - CMSIS Pack Vendor :STMicroelectronics X-CUBE-AZRTOS-F7 1.1.0
2023-10-09 18:15:39,036 [INFO] ThirdParty:1030 - CMSIS Pack Vendor :STMicroelectronics X-CUBE-AZRTOS-L5 2.0.0
2023-10-09 18:15:39,036 [INFO] ThirdParty:1030 - CMSIS Pack Vendor :STMicroelectronics USB_DEVICE 2.0.0
2023-10-09 18:15:39,036 [INFO] ThirdParty:1030 - CMSIS Pack Vendor :STMicroelectronics X-CUBE-MEMS1 9.6.0
2023-10-09 18:15:39,036 [INFO] ThirdParty:1030 - CMSIS Pack Vendor :ITTIA_DB I-CUBE-ITTIADB 8.8.0
2023-10-09 18:15:39,036 [INFO] ThirdParty:1030 - CMSIS Pack Vendor :STMicroelectronics FP-SNS-MOTENV1 4.3.2
2023-10-09 18:15:39,037 [INFO] ThirdParty:1030 - CMSIS Pack Vendor :STMicroelectronics X-CUBE-ALGOBUILD 1.3.0
2023-10-09 18:15:39,037 [INFO] ThirdParty:1030 - CMSIS Pack Vendor :STMicroelectronics FreeRTOS 0.0.1
2023-10-09 18:15:39,037 [INFO] ThirdParty:1030 - CMSIS Pack Vendor :STMicroelectronics X-CUBE-AZRTOS-G0 1.1.0
2023-10-09 18:15:39,037 [INFO] ThirdParty:1030 - CMSIS Pack Vendor :STMicroelectronics X-CUBE-BLEMGR 2.0.0
2023-10-09 18:15:39,037 [INFO] ThirdParty:1030 - CMSIS Pack Vendor :STMicroelectronics X-CUBE-NFC4 3.0.0
2023-10-09 18:15:39,037 [INFO] ThirdParty:1030 - CMSIS Pack Vendor :STMicroelectronics X-CUBE-SUBG2 5.0.0
2023-10-09 18:15:39,037 [INFO] ThirdParty:1030 - CMSIS Pack Vendor :STMicroelectronics STM32_WPAN 1.0.0
2023-10-09 18:15:39,037 [INFO] ThirdParty:1030 - CMSIS Pack Vendor :STMicroelectronics lwIP 2.0.3
2023-10-09 18:15:39,037 [INFO] ThirdParty:1030 - CMSIS Pack Vendor :STMicroelectronics FP-SNS-FLIGHT1 5.0.2
2023-10-09 18:15:39,037 [INFO] ThirdParty:1030 - CMSIS Pack Vendor :STMicroelectronics USB_HOST 1.0.0
2023-10-09 18:15:39,037 [INFO] ThirdParty:1030 - CMSIS Pack Vendor :STMicroelectronics X-CUBE-TOF1 3.3.1
2023-10-09 18:15:39,037 [INFO] ThirdParty:1030 - CMSIS Pack Vendor :STMicroelectronics X-CUBE-AZRTOS-G4 2.0.0
2023-10-09 18:15:39,037 [INFO] ThirdParty:1030 - CMSIS Pack Vendor :STMicroelectronics PDM2PCM 3.1.0
2023-10-09 18:15:39,037 [INFO] ThirdParty:1030 - CMSIS Pack Vendor :STMicroelectronics X-CUBE-AZRTOS-H7 3.1.0
2023-10-09 18:15:39,038 [INFO] ThirdParty:1030 - CMSIS Pack Vendor :STMicroelectronics PDM2PCM 3.3.0
2023-10-09 18:15:39,038 [INFO] ThirdParty:1030 - CMSIS Pack Vendor :STMicroelectronics X-CUBE-DISPLAY 3.0.0
2023-10-09 18:15:39,038 [INFO] ThirdParty:1030 - CMSIS Pack Vendor :STMicroelectronics X-CUBE-BLE1 7.0.0
2023-10-09 18:15:39,038 [INFO] ThirdParty:1030 - CMSIS Pack Vendor :STMicroelectronics FP-ATR-SIGFOX1 3.2.0
2023-10-09 18:15:39,038 [INFO] ThirdParty:1030 - CMSIS Pack Vendor :STMicroelectronics HAL Drivers 0.0.0
2023-10-09 18:15:39,038 [INFO] ThirdParty:1030 - CMSIS Pack Vendor :STMicroelectronics MBEDTLS 2.16.2
2023-10-09 18:15:39,038 [INFO] ThirdParty:1030 - CMSIS Pack Vendor :emotas I-CUBE-CANOPEN 1.3.0
2023-10-09 18:15:39,038 [INFO] ThirdParty:1030 - CMSIS Pack Vendor :STMicroelectronics X-CUBE-FREERTOS 1.1.0
2023-10-09 18:15:39,038 [INFO] ThirdParty:1030 - CMSIS Pack Vendor :STMicroelectronics X-CUBE-TOUCHGFX 4.22.0
2023-10-09 18:15:39,038 [INFO] ThirdParty:1030 - CMSIS Pack Vendor :STMicroelectronics X-CUBE-NFC7 1.0.1
2023-10-09 18:15:39,038 [INFO] ThirdParty:1030 - CMSIS Pack Vendor :STMicroelectronics MBEDTLS 2.14.1
2023-10-09 18:15:39,038 [INFO] ThirdParty:1030 - CMSIS Pack Vendor :STMicroelectronics X-CUBE-TOUCHGFX 4.22.1
2023-10-09 18:15:39,038 [INFO] ThirdParty:1030 - CMSIS Pack Vendor :STMicroelectronics X-CUBE-NFC6 3.0.0
2023-10-09 18:15:39,039 [INFO] ThirdParty:1030 - CMSIS Pack Vendor :STMicroelectronics X-CUBE-EEPRMA1 4.1.0
2023-10-09 18:15:39,039 [INFO] ThirdParty:1030 - CMSIS Pack Vendor :portGmbH I-Cube-SoM-uGOAL 1.1.0
2023-10-09 18:15:39,039 [INFO] ThirdParty:1030 - CMSIS Pack Vendor :STMicroelectronics X-CUBE-ALS 1.0.1
2023-10-09 18:15:39,039 [INFO] ThirdParty:1030 - CMSIS Pack Vendor :STMicroelectronics ThreadX 1.0.0
2023-10-09 18:15:39,039 [INFO] ThirdParty:1030 - CMSIS Pack Vendor :STMicroelectronics FP-SNS-SMARTAG2 1.2.0
2023-10-09 18:15:39,039 [INFO] ThirdParty:1030 - CMSIS Pack Vendor :STMicroelectronics X-CUBE-AZRTOS-WL 2.0.0
2023-10-09 18:15:39,039 [INFO] ThirdParty:1030 - CMSIS Pack Vendor :SEGGER I-CUBE-embOS 1.3.1
2023-10-09 18:15:39,039 [INFO] ThirdParty:1030 - CMSIS Pack Vendor :STMicroelectronics USB_DEVICE 1.0.0
2023-10-09 18:15:39,039 [INFO] ThirdParty:1030 - CMSIS Pack Vendor :STMicroelectronics X-CUBE-AI 8.1.0
2023-10-09 18:15:39,039 [INFO] ThirdParty:1030 - CMSIS Pack Vendor :STMicroelectronics X-CUBE-AZRTOS-L4 2.0.0
2023-10-09 18:15:39,039 [INFO] ThirdParty:1030 - CMSIS Pack Vendor :STMicroelectronics ThreadX 0.0.2
2023-10-09 18:15:39,039 [INFO] ThirdParty:1030 - CMSIS Pack Vendor :WES I-CUBE-Cesium 1.3.0
2023-10-09 18:15:39,039 [INFO] ThirdParty:1030 - CMSIS Pack Vendor :STMicroelectronics FP-ATR-ASTRA1 2.0.0
2023-10-09 18:15:39,040 [INFO] ThirdParty:1030 - CMSIS Pack Vendor :STMicroelectronics lwIP 2.1.2
2023-10-09 18:15:39,040 [INFO] ThirdParty:1030 - CMSIS Pack Vendor :STMicroelectronics X-CUBE-SFXS2LP1 4.0.0
2023-10-09 18:15:39,040 [INFO] ThirdParty:1030 - CMSIS Pack Vendor :STMicroelectronics X-CUBE-BLE2 3.3.0
2023-10-09 18:15:39,040 [INFO] ThirdParty:1030 - CMSIS Pack Vendor :STMicroelectronics PDM2PCM 3.2.0
2023-10-09 18:15:39,040 [INFO] ThirdParty:841 - exiting critical section [change project]
2023-10-09 18:15:40,120 [INFO] PinOutPanel:1499 - setPackage(No Configuration,No Configuration)
2023-10-09 18:15:40,121 [INFO] PinOutPanel:1499 - setPackage(STM32F334C8Tx,LQFP48)
2023-10-09 18:15:41,005 [INFO] UtilMem:75 - Before build in PCC Used Memory: 196331648 Bytes (507510784)
2023-10-09 18:15:42,719 [INFO] UtilMem:75 - After build in PCC Used Memory: 368804640 Bytes (507510784)
2023-10-09 18:15:42,882 [INFO] ApiDbMcu:507 - Load IP Config File for FREERTOS
2023-10-09 18:15:42,927 [INFO] IPUIPlugin:80 - create IPUIPlugin
2023-10-09 18:15:42,927 [INFO] IPUIPlugin:80 - create IPUIPlugin
2023-10-09 18:15:42,928 [INFO] IPUIPlugin:80 - create IPUIPlugin
2023-10-09 18:15:42,928 [INFO] IPUIPlugin:80 - create IPUIPlugin
2023-10-09 18:15:42,928 [INFO] IPUIPlugin:80 - create IPUIPlugin
2023-10-09 18:15:42,928 [INFO] IPUIPlugin:80 - create IPUIPlugin
2023-10-09 18:15:42,928 [INFO] IPUIPlugin:80 - create IPUIPlugin
2023-10-09 18:15:42,928 [INFO] IPUIPlugin:80 - create IPUIPlugin
2023-10-09 18:15:42,928 [INFO] IPUIPlugin:80 - create IPUIPlugin
2023-10-09 18:15:42,929 [INFO] IPUIPlugin:80 - create IPUIPlugin
2023-10-09 18:15:42,929 [INFO] IPUIPlugin:80 - create IPUIPlugin
2023-10-09 18:15:42,929 [INFO] IPUIPlugin:80 - create IPUIPlugin
2023-10-09 18:15:42,929 [INFO] IPUIPlugin:80 - create IPUIPlugin
2023-10-09 18:15:42,929 [INFO] IPUIPlugin:80 - create IPUIPlugin
2023-10-09 18:15:42,929 [INFO] IPUIPlugin:80 - create IPUIPlugin
2023-10-09 18:15:42,930 [INFO] IPUIPlugin:80 - create IPUIPlugin
2023-10-09 18:15:42,930 [INFO] IPUIPlugin:80 - create IPUIPlugin
2023-10-09 18:15:42,930 [INFO] IPUIPlugin:80 - create IPUIPlugin
2023-10-09 18:15:42,930 [INFO] IPUIPlugin:80 - create IPUIPlugin
2023-10-09 18:15:42,930 [INFO] IPUIPlugin:80 - create IPUIPlugin
2023-10-09 18:15:42,930 [INFO] IPUIPlugin:80 - create IPUIPlugin
2023-10-09 18:15:42,931 [INFO] IPUIPlugin:80 - create IPUIPlugin
2023-10-09 18:15:42,931 [INFO] IPUIPlugin:80 - create IPUIPlugin
2023-10-09 18:15:42,931 [INFO] IPUIPlugin:80 - create IPUIPlugin
2023-10-09 18:15:42,931 [INFO] IPUIPlugin:80 - create IPUIPlugin
2023-10-09 18:15:42,931 [INFO] IPUIPlugin:80 - create IPUIPlugin
2023-10-09 18:15:42,932 [INFO] IPUIPlugin:80 - create IPUIPlugin
2023-10-09 18:15:42,932 [INFO] IPUIPlugin:80 - create IPUIPlugin
2023-10-09 18:15:42,932 [INFO] IPUIPlugin:80 - create IPUIPlugin
2023-10-09 18:15:42,932 [INFO] IPUIPlugin:80 - create IPUIPlugin
2023-10-09 18:15:42,932 [INFO] IPUIPlugin:80 - create IPUIPlugin
2023-10-09 18:15:42,933 [INFO] IPUIPlugin:80 - create IPUIPlugin
2023-10-09 18:15:42,933 [INFO] IPUIPlugin:80 - create IPUIPlugin
2023-10-09 18:15:42,933 [INFO] IPUIPlugin:80 - create IPUIPlugin
2023-10-09 18:15:42,933 [INFO] IPUIPlugin:80 - create IPUIPlugin
2023-10-09 18:15:42,933 [INFO] IPUIPlugin:80 - create IPUIPlugin
2023-10-09 18:15:42,933 [INFO] IPUIPlugin:80 - create IPUIPlugin
2023-10-09 18:15:43,063 [WARN] FreeRTOS:1023 - Null or empty value: should not occur! (nothing added to the table)
2023-10-09 18:15:43,475 [INFO] CADModel:165 - CPN selected for project levelSTM32F334C8T6
2023-10-09 18:15:43,476 [INFO] CADModel:114 - Register for checkConnection events
2023-10-09 18:15:43,480 [INFO] RtosManager:697 - Active RTOS found at IOC load: FREERTOS [Cortex-M4NS]
2023-10-09 18:15:43,523 [INFO] OpenFileManager:328 - Restore cursor
2023-10-09 18:16:17,991 [ERROR] RtosPanel:558 - Can not restore the selected Tab for FREERTOS(A reason can be that the tab is no more available.)
2023-10-09 18:17:01,733 [INFO] UtilMem:75 - End SaveConfig() Used Memory: 188291648 Bytes (507510784)
2023-10-09 18:17:19,272 [INFO] UtilMem:75 - End SaveConfig() Used Memory: 227605080 Bytes (507510784)
2023-10-09 18:17:19,959 [INFO] BlockDiagram:2759 - set Specific Code input for plugin: NVIC
2023-10-09 18:17:19,959 [INFO] BlockDiagram:2759 - set Specific Code input for plugin: FREERTOS
2023-10-09 18:17:19,959 [INFO] BlockDiagram:2759 - set Specific Code input for plugin: USART
2023-10-09 18:17:19,959 [INFO] BlockDiagram:2759 - set Specific Code input for plugin: SYS
2023-10-09 18:17:19,960 [INFO] BlockDiagram:2759 - set Specific Code input for plugin: GPIO
2023-10-09 18:17:19,960 [INFO] BlockDiagram:2759 - set Specific Code input for plugin: RCC
2023-10-09 18:17:19,961 [INFO] CodeGenerator:799 - code generatio: config db path: /opt/st/stm32cubeide_1.13.1/plugins/com.st.stm32cube.common.mx_6.9.1.202307191849//db/
2023-10-09 18:17:20,638 [INFO] CodeEngine:255 - oldGeneratedFile, /home/sumit/Desktop/Professional/Scaledge/GitLab/Training/RTOS/workspace/Exercises/02_Button_Interrupt/MXTmpFiles/license.tmp_save
2023-10-09 18:17:21,317 [INFO] CodeEngine:279 - Generated code: /home/sumit/Desktop/Professional/Scaledge/GitLab/Training/RTOS/workspace/Exercises/02_Button_Interrupt/MXTmpFiles/license.tmp
2023-10-09 18:17:21,576 [INFO] CodeEngine:255 - oldGeneratedFile, /home/sumit/Desktop/Professional/Scaledge/GitLab/Training/RTOS/workspace/Exercises/02_Button_Interrupt/MXTmpFiles/gpio.tmp_save
2023-10-09 18:17:21,697 [INFO] CodeEngine:279 - Generated code: /home/sumit/Desktop/Professional/Scaledge/GitLab/Training/RTOS/workspace/Exercises/02_Button_Interrupt/MXTmpFiles/gpio.tmp
2023-10-09 18:17:21,883 [INFO] Middleware:1439 - No code input for Bsp Dependency
2023-10-09 18:17:21,899 [INFO] CodeEngine:255 - oldGeneratedFile, /home/sumit/Desktop/Professional/Scaledge/GitLab/Training/RTOS/workspace/Exercises/02_Button_Interrupt/MXTmpFiles/rtos_inc.tmp_save
2023-10-09 18:17:22,122 [INFO] CodeEngine:279 - Generated code: /home/sumit/Desktop/Professional/Scaledge/GitLab/Training/RTOS/workspace/Exercises/02_Button_Interrupt/MXTmpFiles/rtos_inc.tmp
2023-10-09 18:17:22,124 [INFO] CodeEngine:255 - oldGeneratedFile, /home/sumit/Desktop/Professional/Scaledge/GitLab/Training/RTOS/workspace/Exercises/02_Button_Interrupt/MXTmpFiles/rtos_vars.tmp_save
2023-10-09 18:17:22,245 [INFO] CodeEngine:279 - Generated code: /home/sumit/Desktop/Professional/Scaledge/GitLab/Training/RTOS/workspace/Exercises/02_Button_Interrupt/MXTmpFiles/rtos_vars.tmp
2023-10-09 18:17:22,248 [INFO] CodeEngine:255 - oldGeneratedFile, /home/sumit/Desktop/Professional/Scaledge/GitLab/Training/RTOS/workspace/Exercises/02_Button_Interrupt/MXTmpFiles/rtos_pfp.tmp_save
2023-10-09 18:17:22,347 [INFO] CodeEngine:279 - Generated code: /home/sumit/Desktop/Professional/Scaledge/GitLab/Training/RTOS/workspace/Exercises/02_Button_Interrupt/MXTmpFiles/rtos_pfp.tmp
2023-10-09 18:17:22,350 [INFO] CodeEngine:255 - oldGeneratedFile, /home/sumit/Desktop/Professional/Scaledge/GitLab/Training/RTOS/workspace/Exercises/02_Button_Interrupt/MXTmpFiles/rtos_obj_creat.tmp_save
2023-10-09 18:17:22,433 [INFO] CodeEngine:279 - Generated code: /home/sumit/Desktop/Professional/Scaledge/GitLab/Training/RTOS/workspace/Exercises/02_Button_Interrupt/MXTmpFiles/rtos_obj_creat.tmp
2023-10-09 18:17:22,434 [INFO] CodeEngine:255 - oldGeneratedFile, /home/sumit/Desktop/Professional/Scaledge/GitLab/Training/RTOS/workspace/Exercises/02_Button_Interrupt/MXTmpFiles/rtos_kernelStart.tmp_save
2023-10-09 18:17:22,514 [INFO] CodeEngine:279 - Generated code: /home/sumit/Desktop/Professional/Scaledge/GitLab/Training/RTOS/workspace/Exercises/02_Button_Interrupt/MXTmpFiles/rtos_kernelStart.tmp
2023-10-09 18:17:22,527 [INFO] CodeEngine:255 - oldGeneratedFile, /home/sumit/Desktop/Professional/Scaledge/GitLab/Training/RTOS/workspace/Exercises/02_Button_Interrupt/MXTmpFiles/rtos_default_thread.tmp_save
2023-10-09 18:17:22,610 [INFO] CodeEngine:279 - Generated code: /home/sumit/Desktop/Professional/Scaledge/GitLab/Training/RTOS/workspace/Exercises/02_Button_Interrupt/MXTmpFiles/rtos_default_thread.tmp
2023-10-09 18:17:22,611 [INFO] CodeEngine:255 - oldGeneratedFile, /home/sumit/Desktop/Professional/Scaledge/GitLab/Training/RTOS/workspace/Exercises/02_Button_Interrupt/MXTmpFiles/rtos_threads.tmp_save
2023-10-09 18:17:22,689 [INFO] CodeEngine:279 - Generated code: /home/sumit/Desktop/Professional/Scaledge/GitLab/Training/RTOS/workspace/Exercises/02_Button_Interrupt/MXTmpFiles/rtos_threads.tmp
2023-10-09 18:17:22,696 [INFO] Middleware:1439 - No code input for Bsp Dependency
2023-10-09 18:17:22,699 [INFO] CodeEngine:255 - oldGeneratedFile, /home/sumit/Desktop/Professional/Scaledge/GitLab/Training/RTOS/workspace/Exercises/02_Button_Interrupt/MXTmpFiles/rtos_inc.tmp_save
2023-10-09 18:17:22,775 [INFO] CodeEngine:279 - Generated code: /home/sumit/Desktop/Professional/Scaledge/GitLab/Training/RTOS/workspace/Exercises/02_Button_Interrupt/MXTmpFiles/rtos_inc.tmp
2023-10-09 18:17:22,777 [INFO] CodeEngine:255 - oldGeneratedFile, /home/sumit/Desktop/Professional/Scaledge/GitLab/Training/RTOS/workspace/Exercises/02_Button_Interrupt/MXTmpFiles/rtos_vars.tmp_save
2023-10-09 18:17:22,864 [INFO] CodeEngine:279 - Generated code: /home/sumit/Desktop/Professional/Scaledge/GitLab/Training/RTOS/workspace/Exercises/02_Button_Interrupt/MXTmpFiles/rtos_vars.tmp
2023-10-09 18:17:22,865 [INFO] CodeEngine:255 - oldGeneratedFile, /home/sumit/Desktop/Professional/Scaledge/GitLab/Training/RTOS/workspace/Exercises/02_Button_Interrupt/MXTmpFiles/rtos_pfp.tmp_save
2023-10-09 18:17:22,943 [INFO] CodeEngine:279 - Generated code: /home/sumit/Desktop/Professional/Scaledge/GitLab/Training/RTOS/workspace/Exercises/02_Button_Interrupt/MXTmpFiles/rtos_pfp.tmp
2023-10-09 18:17:22,944 [INFO] CodeEngine:255 - oldGeneratedFile, /home/sumit/Desktop/Professional/Scaledge/GitLab/Training/RTOS/workspace/Exercises/02_Button_Interrupt/MXTmpFiles/rtos_obj_creat.tmp_save
2023-10-09 18:17:23,020 [INFO] CodeEngine:279 - Generated code: /home/sumit/Desktop/Professional/Scaledge/GitLab/Training/RTOS/workspace/Exercises/02_Button_Interrupt/MXTmpFiles/rtos_obj_creat.tmp
2023-10-09 18:17:23,021 [INFO] CodeEngine:255 - oldGeneratedFile, /home/sumit/Desktop/Professional/Scaledge/GitLab/Training/RTOS/workspace/Exercises/02_Button_Interrupt/MXTmpFiles/rtos_kernelStart.tmp_save
2023-10-09 18:17:23,094 [INFO] CodeEngine:279 - Generated code: /home/sumit/Desktop/Professional/Scaledge/GitLab/Training/RTOS/workspace/Exercises/02_Button_Interrupt/MXTmpFiles/rtos_kernelStart.tmp
2023-10-09 18:17:23,095 [INFO] CodeEngine:255 - oldGeneratedFile, /home/sumit/Desktop/Professional/Scaledge/GitLab/Training/RTOS/workspace/Exercises/02_Button_Interrupt/MXTmpFiles/rtos_default_thread.tmp_save
2023-10-09 18:17:23,168 [INFO] CodeEngine:279 - Generated code: /home/sumit/Desktop/Professional/Scaledge/GitLab/Training/RTOS/workspace/Exercises/02_Button_Interrupt/MXTmpFiles/rtos_default_thread.tmp
2023-10-09 18:17:23,169 [INFO] CodeEngine:255 - oldGeneratedFile, /home/sumit/Desktop/Professional/Scaledge/GitLab/Training/RTOS/workspace/Exercises/02_Button_Interrupt/MXTmpFiles/rtos_threads.tmp_save
2023-10-09 18:17:23,242 [INFO] CodeEngine:279 - Generated code: /home/sumit/Desktop/Professional/Scaledge/GitLab/Training/RTOS/workspace/Exercises/02_Button_Interrupt/MXTmpFiles/rtos_threads.tmp
2023-10-09 18:17:23,264 [INFO] CodeEngine:255 - oldGeneratedFile, /home/sumit/Desktop/Professional/Scaledge/GitLab/Training/RTOS/workspace/Exercises/02_Button_Interrupt/Core/Inc/FreeRTOSConfig.h_save
2023-10-09 18:17:23,384 [INFO] CodeEngine:279 - Generated code: /home/sumit/Desktop/Professional/Scaledge/GitLab/Training/RTOS/workspace/Exercises/02_Button_Interrupt/Core/Inc/FreeRTOSConfig.h
2023-10-09 18:17:23,386 [INFO] CodeEngine:255 - oldGeneratedFile, /home/sumit/Desktop/Professional/Scaledge/GitLab/Training/RTOS/workspace/Exercises/02_Button_Interrupt/Core/Src/freertos.c_save
2023-10-09 18:17:23,472 [INFO] CodeEngine:279 - Generated code: /home/sumit/Desktop/Professional/Scaledge/GitLab/Training/RTOS/workspace/Exercises/02_Button_Interrupt/Core/Src/freertos.c
2023-10-09 18:17:23,498 [INFO] CodeEngine:255 - oldGeneratedFile, /home/sumit/Desktop/Professional/Scaledge/GitLab/Training/RTOS/workspace/Exercises/02_Button_Interrupt/Core/Src/stm32f3xx_it.c_save
2023-10-09 18:17:23,635 [INFO] CodeEngine:279 - Generated code: /home/sumit/Desktop/Professional/Scaledge/GitLab/Training/RTOS/workspace/Exercises/02_Button_Interrupt/Core/Src/stm32f3xx_it.c
2023-10-09 18:17:23,638 [INFO] CodeEngine:255 - oldGeneratedFile, /home/sumit/Desktop/Professional/Scaledge/GitLab/Training/RTOS/workspace/Exercises/02_Button_Interrupt/Core/Inc/stm32f3xx_it.h_save
2023-10-09 18:17:23,791 [INFO] CodeEngine:279 - Generated code: /home/sumit/Desktop/Professional/Scaledge/GitLab/Training/RTOS/workspace/Exercises/02_Button_Interrupt/Core/Inc/stm32f3xx_it.h
2023-10-09 18:17:23,824 [INFO] CodeEngine:255 - oldGeneratedFile, /home/sumit/Desktop/Professional/Scaledge/GitLab/Training/RTOS/workspace/Exercises/02_Button_Interrupt/Core/Src/stm32f3xx_hal_msp.c_save
2023-10-09 18:17:24,140 [INFO] CodeEngine:279 - Generated code: /home/sumit/Desktop/Professional/Scaledge/GitLab/Training/RTOS/workspace/Exercises/02_Button_Interrupt/Core/Src/stm32f3xx_hal_msp.c
2023-10-09 18:17:24,157 [INFO] CodeEngine:255 - oldGeneratedFile, /home/sumit/Desktop/Professional/Scaledge/GitLab/Training/RTOS/workspace/Exercises/02_Button_Interrupt/MXTmpFiles/system.tmp_save
2023-10-09 18:17:24,239 [INFO] CodeEngine:279 - Generated code: /home/sumit/Desktop/Professional/Scaledge/GitLab/Training/RTOS/workspace/Exercises/02_Button_Interrupt/MXTmpFiles/system.tmp
2023-10-09 18:17:24,241 [INFO] CodeEngine:255 - oldGeneratedFile, /home/sumit/Desktop/Professional/Scaledge/GitLab/Training/RTOS/workspace/Exercises/02_Button_Interrupt/Core/Src/stm32f3xx_hal_timebase_tim.c_save
2023-10-09 18:17:24,332 [INFO] CodeEngine:279 - Generated code: /home/sumit/Desktop/Professional/Scaledge/GitLab/Training/RTOS/workspace/Exercises/02_Button_Interrupt/Core/Src/stm32f3xx_hal_timebase_tim.c
2023-10-09 18:17:24,347 [INFO] CodeEngine:311 - oldGeneratedFile, /home/sumit/Desktop/Professional/Scaledge/GitLab/Training/RTOS/workspace/Exercises/02_Button_Interrupt/Core/Inc/stm32f3xx_hal_conf.h_save
2023-10-09 18:17:24,438 [INFO] CodeEngine:335 - Generated code: /home/sumit/Desktop/Professional/Scaledge/GitLab/Training/RTOS/workspace/Exercises/02_Button_Interrupt/Core/Inc/stm32f3xx_hal_conf.h
2023-10-09 18:17:24,469 [INFO] CodeEngine:255 - oldGeneratedFile, /home/sumit/Desktop/Professional/Scaledge/GitLab/Training/RTOS/workspace/Exercises/02_Button_Interrupt/Core/Inc/main.h_save
2023-10-09 18:17:24,582 [INFO] CodeEngine:279 - Generated code: /home/sumit/Desktop/Professional/Scaledge/GitLab/Training/RTOS/workspace/Exercises/02_Button_Interrupt/Core/Inc/main.h
2023-10-09 18:17:24,583 [INFO] CodeEngine:255 - oldGeneratedFile, /home/sumit/Desktop/Professional/Scaledge/GitLab/Training/RTOS/workspace/Exercises/02_Button_Interrupt/Core/Src/main.c_save
2023-10-09 18:17:24,731 [INFO] CodeEngine:279 - Generated code: /home/sumit/Desktop/Professional/Scaledge/GitLab/Training/RTOS/workspace/Exercises/02_Button_Interrupt/Core/Src/main.c
2023-10-09 18:17:26,042 [INFO] ProjectBuilder:3064 - Time for Copy HAL[1] : 696mS.
2023-10-09 18:17:26,049 [INFO] ProjectBuilder:4404 - Project Generator version: 4.1.0
2023-10-09 18:17:26,384 [INFO] ConfigFileManager:1457 - The Die is : DIE438
2023-10-09 18:17:26,414 [INFO] ApiDbMcu:507 - Load IP Config File for FATFS
2023-10-09 18:17:26,442 [INFO] ApiDbMcu:507 - Load IP Config File for TOUCHSENSING
2023-10-09 18:17:27,901 [INFO] LogOutputStream:77 - [STDOUT_REDIRECT] 
2023-10-09 18:17:29,538 [INFO] ProjectBuilder:4626 - Time for Generating toolchain IDE Files: 3489mS.
2023-10-09 18:17:29,539 [INFO] ProjectBuilder:2935 - Time for Copy CMSIS : 1mS.
2023-10-09 18:17:29,541 [INFO] ProjectBuilder:2935 - Time for Copy CMSIS : 0mS.
2023-10-09 18:48:09,409 [ERROR] ConfigurationRetriever:142 - IOException on connection: Read timed out
